This file contains any messages produced by compilers while
running configure, to aid debugging if configure makes a mistake.

It was created by libcaca configure 0.99.beta18, which was
generated by GNU Autoconf 2.68.  Invocation command line was

  $ ./configure 

## --------- ##
## Platform. ##
## --------- ##

hostname = DESKTOP-72F8SL2
uname -m = x86_64
uname -r = 4.4.0-17134-Microsoft
uname -s = Linux
uname -v = #345-Microsoft Wed Sep 19 17:47:00 PST 2018

/usr/bin/uname -p = unknown
/bin/uname -X     = unknown

/bin/arch              = unknown
/usr/bin/arch -k       = unknown
/usr/convex/getsysinfo = unknown
/usr/bin/hostinfo      = unknown
/bin/machine           = unknown
/usr/bin/oslevel       = unknown
/bin/universe          = unknown

PATH: /home/paul/bin
PATH: /home/paul/.local/bin
PATH: /usr/local/sbin
PATH: /usr/local/bin
PATH: /usr/sbin
PATH: /usr/bin
PATH: /sbin
PATH: /bin
PATH: /usr/games
PATH: /usr/local/games
PATH: /mnt/c/Program Files (x86)/Common Files/Oracle/Java/javapath_target_529936468
PATH: /mnt/c/ProgramData/Oracle/Java/javapath_target_634614156
PATH: /mnt/c/Program Files (x86)/Intel/iCLS Client
PATH: /mnt/c/Program Files/Intel/iCLS Client
PATH: /mnt/c/Windows/System32
PATH: /mnt/c/Windows
PATH: /mnt/c/Windows/System32/wbem
PATH: /mnt/c/Windows/System32/WindowsPowerShell/v1.0
PATH: /mnt/c/Program Files (x86)/Intel/Intel(R) Management Engine Components/DAL
PATH: /mnt/c/Program Files/Intel/Intel(R) Management Engine Components/DAL
PATH: /mnt/c/Program Files (x86)/Intel/Intel(R) Management Engine Components/IPT
PATH: /mnt/c/Program Files/Intel/Intel(R) Management Engine Components/IPT
PATH: /mnt/c/Program Files/Intel/WiFi/bin
PATH: /mnt/c/Program Files/Common Files/Intel/WirelessCommon
PATH: /mnt/c/Program Files/PuTTY
PATH: /mnt/c/Program Files/MySQL/MySQL Utilities 1.6
PATH: /mnt/c/Program Files (x86)/GnuPG/bin
PATH: /mnt/c/Windows/System32/OpenSSH
PATH: /mnt/c/Program Files/nodejs
PATH: /mnt/c/ProgramData/chocolatey/bin
PATH: /mnt/c/Program Files/Microsoft VS Code/bin
PATH: /mnt/c/Users/pmbie/platform-tools_r28.0.0-windows/platform-tools
PATH: /mnt/c/Program Files/MiKTeX 2.9/miktex/bin/x64
PATH: /mnt/c/Users/pmbie/scoop/shims
PATH: /mnt/c/Users/pmbie/AppData/Local/Microsoft/WindowsApps
PATH: /mnt/c/Users/pmbie/AppData/Local/atom/bin
PATH: /mnt/c/Users/pmbie/AppData/Local/Microsoft/WindowsApps
PATH: /mnt/c/Users/pmbie/AppData/Local/GitHubDesktop/bin
PATH: /mnt/c/Program Files/Microsoft VS Code/bin
PATH: /mnt/c/Users/pmbie/AppData/Roaming/npm
PATH: /mnt/c/Users/pmbie/platform-tools_r28.0.0-windows/platform-tools
PATH: /snap/bin


## ----------- ##
## Core tests. ##
## ----------- ##

configure:2525: checking build system type
configure:2539: result: x86_64-unknown-linux-gnu
configure:2559: checking host system type
configure:2572: result: x86_64-unknown-linux-gnu
configure:2592: checking target system type
configure:2605: result: x86_64-unknown-linux-gnu
configure:2648: checking for a BSD-compatible install
configure:2716: result: /usr/bin/install -c
configure:2727: checking whether build environment is sane
configure:2777: result: yes
configure:2918: checking for a thread-safe mkdir -p
configure:2957: result: /bin/mkdir -p
configure:2970: checking for gawk
configure:2986: found /usr/bin/gawk
configure:2997: result: gawk
configure:3008: checking whether make sets $(MAKE)
configure:3030: result: yes
configure:3096: checking how to create a ustar tar archive
configure:3109: tar --version
tar (GNU tar) 1.28
Copyright (C) 2014 Free Software Foundation, Inc.
License GPLv3+: GNU GPL version 3 or later <http://gnu.org/licenses/gpl.html>.
This is free software: you are free to change and redistribute it.
There is NO WARRANTY, to the extent permitted by law.

Written by John Gilmore and Jay Fenlason.
configure:3112: $? = 0
configure:3152: tardir=conftest.dir && eval tar --format=ustar -chf - "$tardir" >conftest.tar
configure:3155: $? = 0
configure:3159: tar -xf - <conftest.tar
configure:3162: $? = 0
configure:3175: result: gnutar
configure:3207: checking for style of include used by make
configure:3235: result: GNU
configure:3306: checking for gcc
configure:3322: found /usr/bin/gcc
configure:3333: result: gcc
configure:3562: checking for C compiler version
configure:3571: gcc --version >&5
gcc (Ubuntu 5.4.0-6ubuntu1~16.04.10) 5.4.0 20160609
Copyright (C) 2015 Free Software Foundation, Inc.
This is free software; see the source for copying conditions.  There is NO
warranty; not even for MERCHANTABILITY or FITNESS FOR A PARTICULAR PURPOSE.

configure:3582: $? = 0
configure:3571: gcc -v >&5
Using built-in specs.
COLLECT_GCC=gcc
COLLECT_LTO_WRAPPER=/usr/lib/gcc/x86_64-linux-gnu/5/lto-wrapper
Target: x86_64-linux-gnu
Configured with: ../src/configure -v --with-pkgversion='Ubuntu 5.4.0-6ubuntu1~16.04.10' --with-bugurl=file:///usr/share/doc/gcc-5/README.Bugs --enable-languages=c,ada,c++,java,go,d,fortran,objc,obj-c++ --prefix=/usr --program-suffix=-5 --enable-shared --enable-linker-build-id --libexecdir=/usr/lib --without-included-gettext --enable-threads=posix --libdir=/usr/lib --enable-nls --with-sysroot=/ --enable-clocale=gnu --enable-libstdcxx-debug --enable-libstdcxx-time=yes --with-default-libstdcxx-abi=new --enable-gnu-unique-object --disable-vtable-verify --enable-libmpx --enable-plugin --with-system-zlib --disable-browser-plugin --enable-java-awt=gtk --enable-gtk-cairo --with-java-home=/usr/lib/jvm/java-1.5.0-gcj-5-amd64/jre --enable-java-home --with-jvm-root-dir=/usr/lib/jvm/java-1.5.0-gcj-5-amd64 --with-jvm-jar-dir=/usr/lib/jvm-exports/java-1.5.0-gcj-5-amd64 --with-arch-directory=amd64 --with-ecj-jar=/usr/share/java/eclipse-ecj.jar --enable-objc-gc --enable-multiarch --disable-werror --with-arch-32=i686 --with-abi=m64 --with-multilib-list=m32,m64,mx32 --enable-multilib --with-tune=generic --enable-checking=release --build=x86_64-linux-gnu --host=x86_64-linux-gnu --target=x86_64-linux-gnu
Thread model: posix
gcc version 5.4.0 20160609 (Ubuntu 5.4.0-6ubuntu1~16.04.10) 
configure:3582: $? = 0
configure:3571: gcc -V >&5
gcc: error: unrecognized command line option '-V'
gcc: fatal error: no input files
compilation terminated.
configure:3582: $? = 1
configure:3571: gcc -qversion >&5
gcc: error: unrecognized command line option '-qversion'
gcc: fatal error: no input files
compilation terminated.
configure:3582: $? = 1
configure:3602: checking whether the C compiler works
configure:3624: gcc    conftest.c  >&5
configure:3628: $? = 0
configure:3676: result: yes
configure:3679: checking for C compiler default output file name
configure:3681: result: a.out
configure:3687: checking for suffix of executables
configure:3694: gcc -o conftest    conftest.c  >&5
configure:3698: $? = 0
configure:3720: result: 
configure:3742: checking whether we are cross compiling
configure:3750: gcc -o conftest    conftest.c  >&5
configure:3754: $? = 0
configure:3761: ./conftest
configure:3765: $? = 0
configure:3780: result: no
configure:3785: checking for suffix of object files
configure:3807: gcc -c   conftest.c >&5
configure:3811: $? = 0
configure:3832: result: o
configure:3836: checking whether we are using the GNU C compiler
configure:3855: gcc -c   conftest.c >&5
configure:3855: $? = 0
configure:3864: result: yes
configure:3873: checking whether gcc accepts -g
configure:3893: gcc -c -g  conftest.c >&5
configure:3893: $? = 0
configure:3934: result: yes
configure:3951: checking for gcc option to accept ISO C89
configure:4015: gcc  -c -g -O2  conftest.c >&5
configure:4015: $? = 0
configure:4028: result: none needed
configure:4050: checking dependency style of gcc
configure:4161: result: gcc3
configure:4177: checking whether gcc and cc understand -c and -o together
configure:4208: gcc -c conftest.c -o conftest2.o >&5
configure:4212: $? = 0
configure:4218: gcc -c conftest.c -o conftest2.o >&5
configure:4222: $? = 0
configure:4233: cc -c conftest.c >&5
configure:4237: $? = 0
configure:4245: cc -c conftest.c -o conftest2.o >&5
configure:4249: $? = 0
configure:4255: cc -c conftest.c -o conftest2.o >&5
configure:4259: $? = 0
configure:4277: result: yes
configure:4307: checking how to run the C preprocessor
configure:4338: gcc -E  conftest.c
configure:4338: $? = 0
configure:4352: gcc -E  conftest.c
conftest.c:9:28: fatal error: ac_nonexistent.h: No such file or directory
compilation terminated.
configure:4352: $? = 1
configure: failed program was:
| /* confdefs.h */
| #define PACKAGE_NAME "libcaca"
| #define PACKAGE_TARNAME "libcaca"
| #define PACKAGE_VERSION "0.99.beta18"
| #define PACKAGE_STRING "libcaca 0.99.beta18"
| #define PACKAGE_BUGREPORT ""
| #define PACKAGE_URL ""
| /* end confdefs.h.  */
| #include <ac_nonexistent.h>
configure:4377: result: gcc -E
configure:4397: gcc -E  conftest.c
configure:4397: $? = 0
configure:4411: gcc -E  conftest.c
conftest.c:9:28: fatal error: ac_nonexistent.h: No such file or directory
compilation terminated.
configure:4411: $? = 1
configure: failed program was:
| /* confdefs.h */
| #define PACKAGE_NAME "libcaca"
| #define PACKAGE_TARNAME "libcaca"
| #define PACKAGE_VERSION "0.99.beta18"
| #define PACKAGE_STRING "libcaca 0.99.beta18"
| #define PACKAGE_BUGREPORT ""
| #define PACKAGE_URL ""
| /* end confdefs.h.  */
| #include <ac_nonexistent.h>
configure:4497: checking for g++
configure:4513: found /usr/bin/g++
configure:4524: result: g++
configure:4551: checking for C++ compiler version
configure:4560: g++ --version >&5
g++ (Ubuntu 5.4.0-6ubuntu1~16.04.10) 5.4.0 20160609
Copyright (C) 2015 Free Software Foundation, Inc.
This is free software; see the source for copying conditions.  There is NO
warranty; not even for MERCHANTABILITY or FITNESS FOR A PARTICULAR PURPOSE.

configure:4571: $? = 0
configure:4560: g++ -v >&5
Using built-in specs.
COLLECT_GCC=g++
COLLECT_LTO_WRAPPER=/usr/lib/gcc/x86_64-linux-gnu/5/lto-wrapper
Target: x86_64-linux-gnu
Configured with: ../src/configure -v --with-pkgversion='Ubuntu 5.4.0-6ubuntu1~16.04.10' --with-bugurl=file:///usr/share/doc/gcc-5/README.Bugs --enable-languages=c,ada,c++,java,go,d,fortran,objc,obj-c++ --prefix=/usr --program-suffix=-5 --enable-shared --enable-linker-build-id --libexecdir=/usr/lib --without-included-gettext --enable-threads=posix --libdir=/usr/lib --enable-nls --with-sysroot=/ --enable-clocale=gnu --enable-libstdcxx-debug --enable-libstdcxx-time=yes --with-default-libstdcxx-abi=new --enable-gnu-unique-object --disable-vtable-verify --enable-libmpx --enable-plugin --with-system-zlib --disable-browser-plugin --enable-java-awt=gtk --enable-gtk-cairo --with-java-home=/usr/lib/jvm/java-1.5.0-gcj-5-amd64/jre --enable-java-home --with-jvm-root-dir=/usr/lib/jvm/java-1.5.0-gcj-5-amd64 --with-jvm-jar-dir=/usr/lib/jvm-exports/java-1.5.0-gcj-5-amd64 --with-arch-directory=amd64 --with-ecj-jar=/usr/share/java/eclipse-ecj.jar --enable-objc-gc --enable-multiarch --disable-werror --with-arch-32=i686 --with-abi=m64 --with-multilib-list=m32,m64,mx32 --enable-multilib --with-tune=generic --enable-checking=release --build=x86_64-linux-gnu --host=x86_64-linux-gnu --target=x86_64-linux-gnu
Thread model: posix
gcc version 5.4.0 20160609 (Ubuntu 5.4.0-6ubuntu1~16.04.10) 
configure:4571: $? = 0
configure:4560: g++ -V >&5
g++: error: unrecognized command line option '-V'
g++: fatal error: no input files
compilation terminated.
configure:4571: $? = 1
configure:4560: g++ -qversion >&5
g++: error: unrecognized command line option '-qversion'
g++: fatal error: no input files
compilation terminated.
configure:4571: $? = 1
configure:4575: checking whether we are using the GNU C++ compiler
configure:4594: g++ -c   conftest.cpp >&5
configure:4594: $? = 0
configure:4603: result: yes
configure:4612: checking whether g++ accepts -g
configure:4632: g++ -c -g  conftest.cpp >&5
configure:4632: $? = 0
configure:4673: result: yes
configure:4698: checking dependency style of g++
configure:4809: result: gcc3
configure:4829: checking how to run the C++ preprocessor
configure:4856: g++ -E  conftest.cpp
configure:4856: $? = 0
configure:4870: g++ -E  conftest.cpp
conftest.cpp:9:28: fatal error: ac_nonexistent.h: No such file or directory
compilation terminated.
configure:4870: $? = 1
configure: failed program was:
| /* confdefs.h */
| #define PACKAGE_NAME "libcaca"
| #define PACKAGE_TARNAME "libcaca"
| #define PACKAGE_VERSION "0.99.beta18"
| #define PACKAGE_STRING "libcaca 0.99.beta18"
| #define PACKAGE_BUGREPORT ""
| #define PACKAGE_URL ""
| /* end confdefs.h.  */
| #include <ac_nonexistent.h>
configure:4895: result: g++ -E
configure:4915: g++ -E  conftest.cpp
configure:4915: $? = 0
configure:4929: g++ -E  conftest.cpp
conftest.cpp:9:28: fatal error: ac_nonexistent.h: No such file or directory
compilation terminated.
configure:4929: $? = 1
configure: failed program was:
| /* confdefs.h */
| #define PACKAGE_NAME "libcaca"
| #define PACKAGE_TARNAME "libcaca"
| #define PACKAGE_VERSION "0.99.beta18"
| #define PACKAGE_STRING "libcaca 0.99.beta18"
| #define PACKAGE_BUGREPORT ""
| #define PACKAGE_URL ""
| /* end confdefs.h.  */
| #include <ac_nonexistent.h>
configure:4960: checking dependency style of 
configure:5069: result: none
configure:5096: checking dependency style of gcc
configure:5205: result: gcc3
configure:5570: checking how to print strings
configure:5597: result: printf
configure:5618: checking for a sed that does not truncate output
configure:5682: result: /bin/sed
configure:5700: checking for grep that handles long lines and -e
configure:5758: result: /bin/grep
configure:5763: checking for egrep
configure:5825: result: /bin/grep -E
configure:5830: checking for fgrep
configure:5892: result: /bin/grep -F
configure:5927: checking for ld used by gcc
configure:5994: result: /usr/bin/ld
configure:6001: checking if the linker (/usr/bin/ld) is GNU ld
configure:6016: result: yes
configure:6028: checking for BSD- or MS-compatible name lister (nm)
configure:6077: result: /usr/bin/nm -B
configure:6207: checking the name lister (/usr/bin/nm -B) interface
configure:6214: gcc -c -g -O2  conftest.c >&5
configure:6217: /usr/bin/nm -B "conftest.o"
configure:6220: output
0000000000000000 B some_variable
configure:6227: result: BSD nm
configure:6230: checking whether ln -s works
configure:6234: result: yes
configure:6242: checking the maximum length of command line arguments
configure:6372: result: 1572864
configure:6389: checking whether the shell understands some XSI constructs
configure:6399: result: yes
configure:6403: checking whether the shell understands "+="
configure:6409: result: yes
configure:6444: checking how to convert x86_64-unknown-linux-gnu file names to x86_64-unknown-linux-gnu format
configure:6484: result: func_convert_file_noop
configure:6491: checking how to convert x86_64-unknown-linux-gnu file names to toolchain format
configure:6511: result: func_convert_file_noop
configure:6518: checking for /usr/bin/ld option to reload object files
configure:6525: result: -r
configure:6599: checking for objdump
configure:6626: result: objdump
configure:6655: checking how to recognize dependent libraries
configure:6857: result: pass_all
configure:6942: checking for dlltool
configure:6969: result: dlltool
configure:6999: checking how to associate runtime and link libraries
configure:7026: result: printf %s\n
configure:7087: checking for ar
configure:7103: found /usr/bin/ar
configure:7114: result: ar
configure:7151: checking for archiver @FILE support
configure:7168: gcc -c -g -O2  conftest.c >&5
configure:7168: $? = 0
configure:7171: ar cru libconftest.a @conftest.lst >&5
ar: `u' modifier ignored since `D' is the default (see `U')
configure:7174: $? = 0
configure:7179: ar cru libconftest.a @conftest.lst >&5
ar: `u' modifier ignored since `D' is the default (see `U')
ar: conftest.o: No such file or directory
configure:7182: $? = 1
configure:7194: result: @
configure:7252: checking for strip
configure:7268: found /usr/bin/strip
configure:7279: result: strip
configure:7351: checking for ranlib
configure:7367: found /usr/bin/ranlib
configure:7378: result: ranlib
configure:7480: checking command to parse /usr/bin/nm -B output from gcc object
configure:7600: gcc -c -g -O2  conftest.c >&5
configure:7603: $? = 0
configure:7607: /usr/bin/nm -B conftest.o \| sed -n -e 's/^.*[ ]\([ABCDGIRSTW][ABCDGIRSTW]*\)[ ][ ]*\([_A-Za-z][_A-Za-z0-9]*\)$/\1 \2 \2/p' | sed '/ __gnu_lto/d' \> conftest.nm
configure:7610: $? = 0
configure:7676: gcc -o conftest -g -O2   conftest.c conftstm.o >&5
configure:7679: $? = 0
configure:7717: result: ok
configure:7754: checking for sysroot
configure:7784: result: no
configure:7861: gcc -c -g -O2  conftest.c >&5
configure:7864: $? = 0
configure:8040: checking for mt
configure:8056: found /bin/mt
configure:8067: result: mt
configure:8090: checking if mt is a manifest tool
configure:8096: mt '-?'
configure:8104: result: no
configure:8742: checking for ANSI C header files
configure:8762: gcc -c -g -O2  conftest.c >&5
configure:8762: $? = 0
configure:8835: gcc -o conftest -g -O2   conftest.c  >&5
configure:8835: $? = 0
configure:8835: ./conftest
configure:8835: $? = 0
configure:8846: result: yes
configure:8859: checking for sys/types.h
configure:8859: gcc -c -g -O2  conftest.c >&5
configure:8859: $? = 0
configure:8859: result: yes
configure:8859: checking for sys/stat.h
configure:8859: gcc -c -g -O2  conftest.c >&5
configure:8859: $? = 0
configure:8859: result: yes
configure:8859: checking for stdlib.h
configure:8859: gcc -c -g -O2  conftest.c >&5
configure:8859: $? = 0
configure:8859: result: yes
configure:8859: checking for string.h
configure:8859: gcc -c -g -O2  conftest.c >&5
configure:8859: $? = 0
configure:8859: result: yes
configure:8859: checking for memory.h
configure:8859: gcc -c -g -O2  conftest.c >&5
configure:8859: $? = 0
configure:8859: result: yes
configure:8859: checking for strings.h
configure:8859: gcc -c -g -O2  conftest.c >&5
configure:8859: $? = 0
configure:8859: result: yes
configure:8859: checking for inttypes.h
configure:8859: gcc -c -g -O2  conftest.c >&5
configure:8859: $? = 0
configure:8859: result: yes
configure:8859: checking for stdint.h
configure:8859: gcc -c -g -O2  conftest.c >&5
configure:8859: $? = 0
configure:8859: result: yes
configure:8859: checking for unistd.h
configure:8859: gcc -c -g -O2  conftest.c >&5
configure:8859: $? = 0
configure:8859: result: yes
configure:8873: checking for dlfcn.h
configure:8873: gcc -c -g -O2  conftest.c >&5
configure:8873: $? = 0
configure:8873: result: yes
configure:9088: checking for objdir
configure:9103: result: .libs
configure:9370: checking if gcc supports -fno-rtti -fno-exceptions
configure:9388: gcc -c -g -O2  -fno-rtti -fno-exceptions conftest.c >&5
cc1: warning: command line option '-fno-rtti' is valid for C++/ObjC++ but not for C
configure:9392: $? = 0
configure:9405: result: no
configure:9732: checking for gcc option to produce PIC
configure:9739: result: -fPIC -DPIC
configure:9747: checking if gcc PIC flag -fPIC -DPIC works
configure:9765: gcc -c -g -O2  -fPIC -DPIC -DPIC conftest.c >&5
configure:9769: $? = 0
configure:9782: result: yes
configure:9811: checking if gcc static flag -static works
configure:9839: result: yes
configure:9854: checking if gcc supports -c -o file.o
configure:9875: gcc -c -g -O2  -o out/conftest2.o conftest.c >&5
configure:9879: $? = 0
configure:9901: result: yes
configure:9909: checking if gcc supports -c -o file.o
configure:9956: result: yes
configure:9989: checking whether the gcc linker (/usr/bin/ld -m elf_x86_64) supports shared libraries
configure:11146: result: yes
configure:11183: checking whether -lc should be explicitly linked in
configure:11191: gcc -c -g -O2  conftest.c >&5
configure:11194: $? = 0
configure:11209: gcc -shared  -fPIC -DPIC conftest.o  -v -Wl,-soname -Wl,conftest -o conftest 2\>\&1 \| /bin/grep  -lc  \>/dev/null 2\>\&1
configure:11212: $? = 0
configure:11226: result: no
configure:11386: checking dynamic linker characteristics
configure:11897: gcc -o conftest -g -O2   -Wl,-rpath -Wl,/foo conftest.c  >&5
configure:11897: $? = 0
configure:12131: result: GNU/Linux ld.so
configure:12238: checking how to hardcode library paths into programs
configure:12263: result: immediate
configure:12803: checking whether stripping libraries is possible
configure:12808: result: yes
configure:12843: checking if libtool supports shared libraries
configure:12845: result: yes
configure:12848: checking whether to build shared libraries
configure:12869: result: yes
configure:12872: checking whether to build static libraries
configure:12876: result: yes
configure:12899: checking how to run the C++ preprocessor
configure:12965: result: g++ -E
configure:12985: g++ -E  conftest.cpp
configure:12985: $? = 0
configure:12999: g++ -E  conftest.cpp
conftest.cpp:21:28: fatal error: ac_nonexistent.h: No such file or directory
compilation terminated.
configure:12999: $? = 1
configure: failed program was:
| /* confdefs.h */
| #define PACKAGE_NAME "libcaca"
| #define PACKAGE_TARNAME "libcaca"
| #define PACKAGE_VERSION "0.99.beta18"
| #define PACKAGE_STRING "libcaca 0.99.beta18"
| #define PACKAGE_BUGREPORT ""
| #define PACKAGE_URL ""
| #define STDC_HEADERS 1
| #define HAVE_SYS_TYPES_H 1
| #define HAVE_SYS_STAT_H 1
| #define HAVE_STDLIB_H 1
| #define HAVE_STRING_H 1
| #define HAVE_MEMORY_H 1
| #define HAVE_STRINGS_H 1
| #define HAVE_INTTYPES_H 1
| #define HAVE_STDINT_H 1
| #define HAVE_UNISTD_H 1
| #define HAVE_DLFCN_H 1
| #define LT_OBJDIR ".libs/"
| /* end confdefs.h.  */
| #include <ac_nonexistent.h>
configure:13168: checking for ld used by g++
configure:13235: result: /usr/bin/ld -m elf_x86_64
configure:13242: checking if the linker (/usr/bin/ld -m elf_x86_64) is GNU ld
configure:13257: result: yes
configure:13312: checking whether the g++ linker (/usr/bin/ld -m elf_x86_64) supports shared libraries
configure:14317: result: yes
configure:14353: g++ -c -g -O2  conftest.cpp >&5
configure:14356: $? = 0
configure:14876: checking for g++ option to produce PIC
configure:14883: result: -fPIC -DPIC
configure:14891: checking if g++ PIC flag -fPIC -DPIC works
configure:14909: g++ -c -g -O2  -fPIC -DPIC -DPIC conftest.cpp >&5
configure:14913: $? = 0
configure:14926: result: yes
configure:14949: checking if g++ static flag -static works
configure:14977: result: yes
configure:14989: checking if g++ supports -c -o file.o
configure:15010: g++ -c -g -O2  -o out/conftest2.o conftest.cpp >&5
configure:15014: $? = 0
configure:15036: result: yes
configure:15041: checking if g++ supports -c -o file.o
configure:15088: result: yes
configure:15118: checking whether the g++ linker (/usr/bin/ld -m elf_x86_64) supports shared libraries
configure:15157: result: yes
configure:15298: checking dynamic linker characteristics
configure:15977: result: GNU/Linux ld.so
configure:16030: checking how to hardcode library paths into programs
configure:16055: result: immediate
configure:16118: checking for an ANSI C-conforming const
configure:16183: gcc -c -g -O2  conftest.c >&5
configure:16183: $? = 0
configure:16190: result: yes
configure:16198: checking for inline
configure:16214: gcc -c -g -O2  conftest.c >&5
configure:16214: $? = 0
configure:16222: result: inline
configure:16240: checking return type of signal handlers
configure:16258: gcc -c -g -O2  conftest.c >&5
conftest.c: In function 'main':
conftest.c:27:9: error: void value not ignored as it ought to be
 return *(signal (0, 0)) (0) == 1;
         ^
configure:16258: $? = 1
configure: failed program was:
| /* confdefs.h */
| #define PACKAGE_NAME "libcaca"
| #define PACKAGE_TARNAME "libcaca"
| #define PACKAGE_VERSION "0.99.beta18"
| #define PACKAGE_STRING "libcaca 0.99.beta18"
| #define PACKAGE_BUGREPORT ""
| #define PACKAGE_URL ""
| #define STDC_HEADERS 1
| #define HAVE_SYS_TYPES_H 1
| #define HAVE_SYS_STAT_H 1
| #define HAVE_STDLIB_H 1
| #define HAVE_STRING_H 1
| #define HAVE_MEMORY_H 1
| #define HAVE_STRINGS_H 1
| #define HAVE_INTTYPES_H 1
| #define HAVE_STDINT_H 1
| #define HAVE_UNISTD_H 1
| #define HAVE_DLFCN_H 1
| #define LT_OBJDIR ".libs/"
| /* end confdefs.h.  */
| #include <sys/types.h>
| #include <signal.h>
| 
| int
| main ()
| {
| return *(signal (0, 0)) (0) == 1;
|   ;
|   return 0;
| }
configure:16265: result: void
configure:16338: checking for pkg-config
configure:16356: found /usr/bin/pkg-config
configure:16368: result: /usr/bin/pkg-config
configure:16393: checking pkg-config is at least version 0.9.0
configure:16396: result: yes
configure:16409: checking for suffix of libraries
configure:16416: result: .so.0
configure:16558: checking stdio.h usability
configure:16558: gcc -c -g -O2  conftest.c >&5
configure:16558: $? = 0
configure:16558: result: yes
configure:16558: checking stdio.h presence
configure:16558: gcc -E  conftest.c
configure:16558: $? = 0
configure:16558: result: yes
configure:16558: checking for stdio.h
configure:16558: result: yes
configure:16558: checking stdarg.h usability
configure:16558: gcc -c -g -O2  conftest.c >&5
configure:16558: $? = 0
configure:16558: result: yes
configure:16558: checking stdarg.h presence
configure:16558: gcc -E  conftest.c
configure:16558: $? = 0
configure:16558: result: yes
configure:16558: checking for stdarg.h
configure:16558: result: yes
configure:16558: checking signal.h usability
configure:16558: gcc -c -g -O2  conftest.c >&5
configure:16558: $? = 0
configure:16558: result: yes
configure:16558: checking signal.h presence
configure:16558: gcc -E  conftest.c
configure:16558: $? = 0
configure:16558: result: yes
configure:16558: checking for signal.h
configure:16558: result: yes
configure:16558: checking sys/ioctl.h usability
configure:16558: gcc -c -g -O2  conftest.c >&5
configure:16558: $? = 0
configure:16558: result: yes
configure:16558: checking sys/ioctl.h presence
configure:16558: gcc -E  conftest.c
configure:16558: $? = 0
configure:16558: result: yes
configure:16558: checking for sys/ioctl.h
configure:16558: result: yes
configure:16558: checking sys/time.h usability
configure:16558: gcc -c -g -O2  conftest.c >&5
configure:16558: $? = 0
configure:16558: result: yes
configure:16558: checking sys/time.h presence
configure:16558: gcc -E  conftest.c
configure:16558: $? = 0
configure:16558: result: yes
configure:16558: checking for sys/time.h
configure:16558: result: yes
configure:16558: checking endian.h usability
configure:16558: gcc -c -g -O2  conftest.c >&5
configure:16558: $? = 0
configure:16558: result: yes
configure:16558: checking endian.h presence
configure:16558: gcc -E  conftest.c
configure:16558: $? = 0
configure:16558: result: yes
configure:16558: checking for endian.h
configure:16558: result: yes
configure:16558: checking for unistd.h
configure:16558: result: yes
configure:16558: checking arpa/inet.h usability
configure:16558: gcc -c -g -O2  conftest.c >&5
configure:16558: $? = 0
configure:16558: result: yes
configure:16558: checking arpa/inet.h presence
configure:16558: gcc -E  conftest.c
configure:16558: $? = 0
configure:16558: result: yes
configure:16558: checking for arpa/inet.h
configure:16558: result: yes
configure:16558: checking netinet/in.h usability
configure:16558: gcc -c -g -O2  conftest.c >&5
configure:16558: $? = 0
configure:16558: result: yes
configure:16558: checking netinet/in.h presence
configure:16558: gcc -E  conftest.c
configure:16558: $? = 0
configure:16558: result: yes
configure:16558: checking for netinet/in.h
configure:16558: result: yes
configure:16558: checking winsock2.h usability
configure:16558: gcc -c -g -O2  conftest.c >&5
conftest.c:64:22: fatal error: winsock2.h: No such file or directory
compilation terminated.
configure:16558: $? = 1
configure: failed program was:
| /* confdefs.h */
| #define PACKAGE_NAME "libcaca"
| #define PACKAGE_TARNAME "libcaca"
| #define PACKAGE_VERSION "0.99.beta18"
| #define PACKAGE_STRING "libcaca 0.99.beta18"
| #define PACKAGE_BUGREPORT ""
| #define PACKAGE_URL ""
| #define STDC_HEADERS 1
| #define HAVE_SYS_TYPES_H 1
| #define HAVE_SYS_STAT_H 1
| #define HAVE_STDLIB_H 1
| #define HAVE_STRING_H 1
| #define HAVE_MEMORY_H 1
| #define HAVE_STRINGS_H 1
| #define HAVE_INTTYPES_H 1
| #define HAVE_STDINT_H 1
| #define HAVE_UNISTD_H 1
| #define HAVE_DLFCN_H 1
| #define LT_OBJDIR ".libs/"
| #define RETSIGTYPE void
| #define HAVE_STDIO_H 1
| #define HAVE_STDARG_H 1
| #define HAVE_SIGNAL_H 1
| #define HAVE_SYS_IOCTL_H 1
| #define HAVE_SYS_TIME_H 1
| #define HAVE_ENDIAN_H 1
| #define HAVE_UNISTD_H 1
| #define HAVE_ARPA_INET_H 1
| #define HAVE_NETINET_IN_H 1
| /* end confdefs.h.  */
| #include <stdio.h>
| #ifdef HAVE_SYS_TYPES_H
| # include <sys/types.h>
| #endif
| #ifdef HAVE_SYS_STAT_H
| # include <sys/stat.h>
| #endif
| #ifdef STDC_HEADERS
| # include <stdlib.h>
| # include <stddef.h>
| #else
| # ifdef HAVE_STDLIB_H
| #  include <stdlib.h>
| # endif
| #endif
| #ifdef HAVE_STRING_H
| # if !defined STDC_HEADERS && defined HAVE_MEMORY_H
| #  include <memory.h>
| # endif
| # include <string.h>
| #endif
| #ifdef HAVE_STRINGS_H
| # include <strings.h>
| #endif
| #ifdef HAVE_INTTYPES_H
| # include <inttypes.h>
| #endif
| #ifdef HAVE_STDINT_H
| # include <stdint.h>
| #endif
| #ifdef HAVE_UNISTD_H
| # include <unistd.h>
| #endif
| #include <winsock2.h>
configure:16558: result: no
configure:16558: checking winsock2.h presence
configure:16558: gcc -E  conftest.c
conftest.c:31:22: fatal error: winsock2.h: No such file or directory
compilation terminated.
configure:16558: $? = 1
configure: failed program was:
| /* confdefs.h */
| #define PACKAGE_NAME "libcaca"
| #define PACKAGE_TARNAME "libcaca"
| #define PACKAGE_VERSION "0.99.beta18"
| #define PACKAGE_STRING "libcaca 0.99.beta18"
| #define PACKAGE_BUGREPORT ""
| #define PACKAGE_URL ""
| #define STDC_HEADERS 1
| #define HAVE_SYS_TYPES_H 1
| #define HAVE_SYS_STAT_H 1
| #define HAVE_STDLIB_H 1
| #define HAVE_STRING_H 1
| #define HAVE_MEMORY_H 1
| #define HAVE_STRINGS_H 1
| #define HAVE_INTTYPES_H 1
| #define HAVE_STDINT_H 1
| #define HAVE_UNISTD_H 1
| #define HAVE_DLFCN_H 1
| #define LT_OBJDIR ".libs/"
| #define RETSIGTYPE void
| #define HAVE_STDIO_H 1
| #define HAVE_STDARG_H 1
| #define HAVE_SIGNAL_H 1
| #define HAVE_SYS_IOCTL_H 1
| #define HAVE_SYS_TIME_H 1
| #define HAVE_ENDIAN_H 1
| #define HAVE_UNISTD_H 1
| #define HAVE_ARPA_INET_H 1
| #define HAVE_NETINET_IN_H 1
| /* end confdefs.h.  */
| #include <winsock2.h>
configure:16558: result: no
configure:16558: checking for winsock2.h
configure:16558: result: no
configure:16558: checking errno.h usability
configure:16558: gcc -c -g -O2  conftest.c >&5
configure:16558: $? = 0
configure:16558: result: yes
configure:16558: checking errno.h presence
configure:16558: gcc -E  conftest.c
configure:16558: $? = 0
configure:16558: result: yes
configure:16558: checking for errno.h
configure:16558: result: yes
configure:16558: checking locale.h usability
configure:16558: gcc -c -g -O2  conftest.c >&5
configure:16558: $? = 0
configure:16558: result: yes
configure:16558: checking locale.h presence
configure:16558: gcc -E  conftest.c
configure:16558: $? = 0
configure:16558: result: yes
configure:16558: checking for locale.h
configure:16558: result: yes
configure:16558: checking getopt.h usability
configure:16558: gcc -c -g -O2  conftest.c >&5
configure:16558: $? = 0
configure:16558: result: yes
configure:16558: checking getopt.h presence
configure:16558: gcc -E  conftest.c
configure:16558: $? = 0
configure:16558: result: yes
configure:16558: checking for getopt.h
configure:16558: result: yes
configure:16558: checking for dlfcn.h
configure:16558: result: yes
configure:16558: checking termios.h usability
configure:16558: gcc -c -g -O2  conftest.c >&5
configure:16558: $? = 0
configure:16558: result: yes
configure:16558: checking termios.h presence
configure:16558: gcc -E  conftest.c
configure:16558: $? = 0
configure:16558: result: yes
configure:16558: checking for termios.h
configure:16558: result: yes
configure:16571: checking for signal
configure:16571: gcc -o conftest -g -O2   conftest.c  >&5
configure:16571: $? = 0
configure:16571: result: yes
configure:16571: checking for ioctl
configure:16571: gcc -o conftest -g -O2   conftest.c  >&5
configure:16571: $? = 0
configure:16571: result: yes
configure:16571: checking for snprintf
configure:16571: gcc -o conftest -g -O2   conftest.c  >&5
conftest.c:61:6: warning: conflicting types for built-in function 'snprintf'
 char snprintf ();
      ^
configure:16571: $? = 0
configure:16571: result: yes
configure:16571: checking for vsnprintf
configure:16571: gcc -o conftest -g -O2   conftest.c  >&5
conftest.c:62:6: warning: conflicting types for built-in function 'vsnprintf'
 char vsnprintf ();
      ^
configure:16571: $? = 0
configure:16571: result: yes
configure:16571: checking for getenv
configure:16571: gcc -o conftest -g -O2   conftest.c  >&5
configure:16571: $? = 0
configure:16571: result: yes
configure:16571: checking for putenv
configure:16571: gcc -o conftest -g -O2   conftest.c  >&5
configure:16571: $? = 0
configure:16571: result: yes
configure:16571: checking for strcasecmp
configure:16571: gcc -o conftest -g -O2   conftest.c  >&5
conftest.c:65:6: warning: conflicting types for built-in function 'strcasecmp'
 char strcasecmp ();
      ^
configure:16571: $? = 0
configure:16571: result: yes
configure:16571: checking for htons
configure:16571: gcc -o conftest -g -O2   conftest.c  >&5
configure:16571: $? = 0
configure:16571: result: yes
configure:16583: checking for usleep
configure:16583: gcc -o conftest -g -O2   conftest.c  >&5
configure:16583: $? = 0
configure:16583: result: yes
configure:16583: checking for gettimeofday
configure:16583: gcc -o conftest -g -O2   conftest.c  >&5
configure:16583: $? = 0
configure:16583: result: yes
configure:16583: checking for atexit
configure:16583: gcc -o conftest -g -O2   conftest.c  >&5
configure:16583: $? = 0
configure:16583: result: yes
configure:16596: checking for getopt_long
configure:16596: gcc -o conftest -g -O2   conftest.c  >&5
configure:16596: $? = 0
configure:16596: result: yes
configure:16654: checking for Sleep
configure:16667: gcc -c -g -O2  conftest.c >&5
conftest.c:49:21: fatal error: windows.h: No such file or directory
compilation terminated.
configure:16667: $? = 1
configure: failed program was:
| /* confdefs.h */
| #define PACKAGE_NAME "libcaca"
| #define PACKAGE_TARNAME "libcaca"
| #define PACKAGE_VERSION "0.99.beta18"
| #define PACKAGE_STRING "libcaca 0.99.beta18"
| #define PACKAGE_BUGREPORT ""
| #define PACKAGE_URL ""
| #define STDC_HEADERS 1
| #define HAVE_SYS_TYPES_H 1
| #define HAVE_SYS_STAT_H 1
| #define HAVE_STDLIB_H 1
| #define HAVE_STRING_H 1
| #define HAVE_MEMORY_H 1
| #define HAVE_STRINGS_H 1
| #define HAVE_INTTYPES_H 1
| #define HAVE_STDINT_H 1
| #define HAVE_UNISTD_H 1
| #define HAVE_DLFCN_H 1
| #define LT_OBJDIR ".libs/"
| #define RETSIGTYPE void
| #define HAVE_STDIO_H 1
| #define HAVE_STDARG_H 1
| #define HAVE_SIGNAL_H 1
| #define HAVE_SYS_IOCTL_H 1
| #define HAVE_SYS_TIME_H 1
| #define HAVE_ENDIAN_H 1
| #define HAVE_UNISTD_H 1
| #define HAVE_ARPA_INET_H 1
| #define HAVE_NETINET_IN_H 1
| #define HAVE_ERRNO_H 1
| #define HAVE_LOCALE_H 1
| #define HAVE_GETOPT_H 1
| #define HAVE_DLFCN_H 1
| #define HAVE_TERMIOS_H 1
| #define HAVE_SIGNAL 1
| #define HAVE_IOCTL 1
| #define HAVE_SNPRINTF 1
| #define HAVE_VSNPRINTF 1
| #define HAVE_GETENV 1
| #define HAVE_PUTENV 1
| #define HAVE_STRCASECMP 1
| #define HAVE_HTONS 1
| #define HAVE_USLEEP 1
| #define HAVE_GETTIMEOFDAY 1
| #define HAVE_ATEXIT 1
| #define HAVE_GETOPT_LONG 1
| #define HAVE_GETOPT_LONG 1
| /* end confdefs.h.  */
| #include <windows.h>
| int
| main ()
| {
| Sleep(42);
|   ;
|   return 0;
| }
configure:16674: result: no
configure:16679: checking for fsin/fcos
configure:16692: gcc -c -g -O2  conftest.c >&5
configure:16692: $? = 0
configure:16693: result: yes
configure:16704: checking for fldln2/fxch/fyl2x
configure:16717: gcc -c -g -O2  conftest.c >&5
configure:16717: $? = 0
configure:16718: result: yes
configure:16731: checking zlib.h usability
configure:16731: gcc -c -g -O2  conftest.c >&5
configure:16731: $? = 0
configure:16731: result: yes
configure:16731: checking zlib.h presence
configure:16731: gcc -E  conftest.c
configure:16731: $? = 0
configure:16731: result: yes
configure:16731: checking for zlib.h
configure:16731: result: yes
configure:16741: checking for gzopen in -lz
configure:16766: gcc -o conftest -g -O2   conftest.c -lz   >&5
configure:16766: $? = 0
configure:16775: result: yes
configure:16782: checking for sin in -lm
configure:16807: gcc -o conftest -g -O2   conftest.c -lm   >&5
conftest.c:59:6: warning: conflicting types for built-in function 'sin'
 char sin ();
      ^
configure:16807: $? = 0
configure:16816: result: yes
configure:16829: checking conio.h usability
configure:16829: gcc -c -g -O2  conftest.c >&5
conftest.c:85:19: fatal error: conio.h: No such file or directory
compilation terminated.
configure:16829: $? = 1
configure: failed program was:
| /* confdefs.h */
| #define PACKAGE_NAME "libcaca"
| #define PACKAGE_TARNAME "libcaca"
| #define PACKAGE_VERSION "0.99.beta18"
| #define PACKAGE_STRING "libcaca 0.99.beta18"
| #define PACKAGE_BUGREPORT ""
| #define PACKAGE_URL ""
| #define STDC_HEADERS 1
| #define HAVE_SYS_TYPES_H 1
| #define HAVE_SYS_STAT_H 1
| #define HAVE_STDLIB_H 1
| #define HAVE_STRING_H 1
| #define HAVE_MEMORY_H 1
| #define HAVE_STRINGS_H 1
| #define HAVE_INTTYPES_H 1
| #define HAVE_STDINT_H 1
| #define HAVE_UNISTD_H 1
| #define HAVE_DLFCN_H 1
| #define LT_OBJDIR ".libs/"
| #define RETSIGTYPE void
| #define HAVE_STDIO_H 1
| #define HAVE_STDARG_H 1
| #define HAVE_SIGNAL_H 1
| #define HAVE_SYS_IOCTL_H 1
| #define HAVE_SYS_TIME_H 1
| #define HAVE_ENDIAN_H 1
| #define HAVE_UNISTD_H 1
| #define HAVE_ARPA_INET_H 1
| #define HAVE_NETINET_IN_H 1
| #define HAVE_ERRNO_H 1
| #define HAVE_LOCALE_H 1
| #define HAVE_GETOPT_H 1
| #define HAVE_DLFCN_H 1
| #define HAVE_TERMIOS_H 1
| #define HAVE_SIGNAL 1
| #define HAVE_IOCTL 1
| #define HAVE_SNPRINTF 1
| #define HAVE_VSNPRINTF 1
| #define HAVE_GETENV 1
| #define HAVE_PUTENV 1
| #define HAVE_STRCASECMP 1
| #define HAVE_HTONS 1
| #define HAVE_USLEEP 1
| #define HAVE_GETTIMEOFDAY 1
| #define HAVE_ATEXIT 1
| #define HAVE_GETOPT_LONG 1
| #define HAVE_GETOPT_LONG 1
| #define HAVE_FSIN_FCOS 1
| #define HAVE_FLDLN2 1
| #define HAVE_ZLIB_H 1
| /* end confdefs.h.  */
| #include <stdio.h>
| #ifdef HAVE_SYS_TYPES_H
| # include <sys/types.h>
| #endif
| #ifdef HAVE_SYS_STAT_H
| # include <sys/stat.h>
| #endif
| #ifdef STDC_HEADERS
| # include <stdlib.h>
| # include <stddef.h>
| #else
| # ifdef HAVE_STDLIB_H
| #  include <stdlib.h>
| # endif
| #endif
| #ifdef HAVE_STRING_H
| # if !defined STDC_HEADERS && defined HAVE_MEMORY_H
| #  include <memory.h>
| # endif
| # include <string.h>
| #endif
| #ifdef HAVE_STRINGS_H
| # include <strings.h>
| #endif
| #ifdef HAVE_INTTYPES_H
| # include <inttypes.h>
| #endif
| #ifdef HAVE_STDINT_H
| # include <stdint.h>
| #endif
| #ifdef HAVE_UNISTD_H
| # include <unistd.h>
| #endif
| #include <conio.h>
configure:16829: result: no
configure:16829: checking conio.h presence
configure:16829: gcc -E  conftest.c
conftest.c:52:19: fatal error: conio.h: No such file or directory
compilation terminated.
configure:16829: $? = 1
configure: failed program was:
| /* confdefs.h */
| #define PACKAGE_NAME "libcaca"
| #define PACKAGE_TARNAME "libcaca"
| #define PACKAGE_VERSION "0.99.beta18"
| #define PACKAGE_STRING "libcaca 0.99.beta18"
| #define PACKAGE_BUGREPORT ""
| #define PACKAGE_URL ""
| #define STDC_HEADERS 1
| #define HAVE_SYS_TYPES_H 1
| #define HAVE_SYS_STAT_H 1
| #define HAVE_STDLIB_H 1
| #define HAVE_STRING_H 1
| #define HAVE_MEMORY_H 1
| #define HAVE_STRINGS_H 1
| #define HAVE_INTTYPES_H 1
| #define HAVE_STDINT_H 1
| #define HAVE_UNISTD_H 1
| #define HAVE_DLFCN_H 1
| #define LT_OBJDIR ".libs/"
| #define RETSIGTYPE void
| #define HAVE_STDIO_H 1
| #define HAVE_STDARG_H 1
| #define HAVE_SIGNAL_H 1
| #define HAVE_SYS_IOCTL_H 1
| #define HAVE_SYS_TIME_H 1
| #define HAVE_ENDIAN_H 1
| #define HAVE_UNISTD_H 1
| #define HAVE_ARPA_INET_H 1
| #define HAVE_NETINET_IN_H 1
| #define HAVE_ERRNO_H 1
| #define HAVE_LOCALE_H 1
| #define HAVE_GETOPT_H 1
| #define HAVE_DLFCN_H 1
| #define HAVE_TERMIOS_H 1
| #define HAVE_SIGNAL 1
| #define HAVE_IOCTL 1
| #define HAVE_SNPRINTF 1
| #define HAVE_VSNPRINTF 1
| #define HAVE_GETENV 1
| #define HAVE_PUTENV 1
| #define HAVE_STRCASECMP 1
| #define HAVE_HTONS 1
| #define HAVE_USLEEP 1
| #define HAVE_GETTIMEOFDAY 1
| #define HAVE_ATEXIT 1
| #define HAVE_GETOPT_LONG 1
| #define HAVE_GETOPT_LONG 1
| #define HAVE_FSIN_FCOS 1
| #define HAVE_FLDLN2 1
| #define HAVE_ZLIB_H 1
| /* end confdefs.h.  */
| #include <conio.h>
configure:16829: result: no
configure:16829: checking for conio.h
configure:16829: result: no
configure:16872: checking windows.h usability
configure:16872: gcc -c -g -O2  conftest.c >&5
conftest.c:85:21: fatal error: windows.h: No such file or directory
compilation terminated.
configure:16872: $? = 1
configure: failed program was:
| /* confdefs.h */
| #define PACKAGE_NAME "libcaca"
| #define PACKAGE_TARNAME "libcaca"
| #define PACKAGE_VERSION "0.99.beta18"
| #define PACKAGE_STRING "libcaca 0.99.beta18"
| #define PACKAGE_BUGREPORT ""
| #define PACKAGE_URL ""
| #define STDC_HEADERS 1
| #define HAVE_SYS_TYPES_H 1
| #define HAVE_SYS_STAT_H 1
| #define HAVE_STDLIB_H 1
| #define HAVE_STRING_H 1
| #define HAVE_MEMORY_H 1
| #define HAVE_STRINGS_H 1
| #define HAVE_INTTYPES_H 1
| #define HAVE_STDINT_H 1
| #define HAVE_UNISTD_H 1
| #define HAVE_DLFCN_H 1
| #define LT_OBJDIR ".libs/"
| #define RETSIGTYPE void
| #define HAVE_STDIO_H 1
| #define HAVE_STDARG_H 1
| #define HAVE_SIGNAL_H 1
| #define HAVE_SYS_IOCTL_H 1
| #define HAVE_SYS_TIME_H 1
| #define HAVE_ENDIAN_H 1
| #define HAVE_UNISTD_H 1
| #define HAVE_ARPA_INET_H 1
| #define HAVE_NETINET_IN_H 1
| #define HAVE_ERRNO_H 1
| #define HAVE_LOCALE_H 1
| #define HAVE_GETOPT_H 1
| #define HAVE_DLFCN_H 1
| #define HAVE_TERMIOS_H 1
| #define HAVE_SIGNAL 1
| #define HAVE_IOCTL 1
| #define HAVE_SNPRINTF 1
| #define HAVE_VSNPRINTF 1
| #define HAVE_GETENV 1
| #define HAVE_PUTENV 1
| #define HAVE_STRCASECMP 1
| #define HAVE_HTONS 1
| #define HAVE_USLEEP 1
| #define HAVE_GETTIMEOFDAY 1
| #define HAVE_ATEXIT 1
| #define HAVE_GETOPT_LONG 1
| #define HAVE_GETOPT_LONG 1
| #define HAVE_FSIN_FCOS 1
| #define HAVE_FLDLN2 1
| #define HAVE_ZLIB_H 1
| /* end confdefs.h.  */
| #include <stdio.h>
| #ifdef HAVE_SYS_TYPES_H
| # include <sys/types.h>
| #endif
| #ifdef HAVE_SYS_STAT_H
| # include <sys/stat.h>
| #endif
| #ifdef STDC_HEADERS
| # include <stdlib.h>
| # include <stddef.h>
| #else
| # ifdef HAVE_STDLIB_H
| #  include <stdlib.h>
| # endif
| #endif
| #ifdef HAVE_STRING_H
| # if !defined STDC_HEADERS && defined HAVE_MEMORY_H
| #  include <memory.h>
| # endif
| # include <string.h>
| #endif
| #ifdef HAVE_STRINGS_H
| # include <strings.h>
| #endif
| #ifdef HAVE_INTTYPES_H
| # include <inttypes.h>
| #endif
| #ifdef HAVE_STDINT_H
| # include <stdint.h>
| #endif
| #ifdef HAVE_UNISTD_H
| # include <unistd.h>
| #endif
| #include <windows.h>
configure:16872: result: no
configure:16872: checking windows.h presence
configure:16872: gcc -E  conftest.c
conftest.c:52:21: fatal error: windows.h: No such file or directory
compilation terminated.
configure:16872: $? = 1
configure: failed program was:
| /* confdefs.h */
| #define PACKAGE_NAME "libcaca"
| #define PACKAGE_TARNAME "libcaca"
| #define PACKAGE_VERSION "0.99.beta18"
| #define PACKAGE_STRING "libcaca 0.99.beta18"
| #define PACKAGE_BUGREPORT ""
| #define PACKAGE_URL ""
| #define STDC_HEADERS 1
| #define HAVE_SYS_TYPES_H 1
| #define HAVE_SYS_STAT_H 1
| #define HAVE_STDLIB_H 1
| #define HAVE_STRING_H 1
| #define HAVE_MEMORY_H 1
| #define HAVE_STRINGS_H 1
| #define HAVE_INTTYPES_H 1
| #define HAVE_STDINT_H 1
| #define HAVE_UNISTD_H 1
| #define HAVE_DLFCN_H 1
| #define LT_OBJDIR ".libs/"
| #define RETSIGTYPE void
| #define HAVE_STDIO_H 1
| #define HAVE_STDARG_H 1
| #define HAVE_SIGNAL_H 1
| #define HAVE_SYS_IOCTL_H 1
| #define HAVE_SYS_TIME_H 1
| #define HAVE_ENDIAN_H 1
| #define HAVE_UNISTD_H 1
| #define HAVE_ARPA_INET_H 1
| #define HAVE_NETINET_IN_H 1
| #define HAVE_ERRNO_H 1
| #define HAVE_LOCALE_H 1
| #define HAVE_GETOPT_H 1
| #define HAVE_DLFCN_H 1
| #define HAVE_TERMIOS_H 1
| #define HAVE_SIGNAL 1
| #define HAVE_IOCTL 1
| #define HAVE_SNPRINTF 1
| #define HAVE_VSNPRINTF 1
| #define HAVE_GETENV 1
| #define HAVE_PUTENV 1
| #define HAVE_STRCASECMP 1
| #define HAVE_HTONS 1
| #define HAVE_USLEEP 1
| #define HAVE_GETTIMEOFDAY 1
| #define HAVE_ATEXIT 1
| #define HAVE_GETOPT_LONG 1
| #define HAVE_GETOPT_LONG 1
| #define HAVE_FSIN_FCOS 1
| #define HAVE_FLDLN2 1
| #define HAVE_ZLIB_H 1
| /* end confdefs.h.  */
| #include <windows.h>
configure:16872: result: no
configure:16872: checking for windows.h
configure:16872: result: no
configure:16916: checking slang.h usability
configure:16916: gcc -c -g -O2  conftest.c >&5
configure:16916: $? = 0
configure:16916: result: yes
configure:16916: checking slang.h presence
configure:16916: gcc -E  conftest.c
configure:16916: $? = 0
configure:16916: result: yes
configure:16916: checking for slang.h
configure:16916: result: yes
configure:16925: checking for SLsmg_utf8_enable in -lslang
configure:16950: gcc -o conftest -g -O2   conftest.c -lslang   >&5
configure:16950: $? = 0
configure:16959: result: yes
configure:16981: checking for X
configure:17089: gcc -E  -DOPTIMISE_SLANG_PALETTE=1 conftest.c
configure:17089: $? = 0
configure:17120: gcc -o conftest -g -O2  -DOPTIMISE_SLANG_PALETTE=1  conftest.c -lX11  >&5
configure:17120: $? = 0
configure:17170: result: libraries , headers 
configure:17174: checking for XOpenDisplay in -lX11
configure:17199: gcc -o conftest -g -O2  -DOPTIMISE_SLANG_PALETTE=1  conftest.c -lX11   >&5
configure:17199: $? = 0
configure:17208: result: yes
configure:17226: checking X11/XKBlib.h usability
configure:17226: gcc -c -g -O2  -DOPTIMISE_SLANG_PALETTE=1  conftest.c >&5
configure:17226: $? = 0
configure:17226: result: yes
configure:17226: checking X11/XKBlib.h presence
configure:17226: gcc -E  -DOPTIMISE_SLANG_PALETTE=1  conftest.c
configure:17226: $? = 0
configure:17226: result: yes
configure:17226: checking for X11/XKBlib.h
configure:17226: result: yes
configure:17246: checking GL/gl.h usability
configure:17246: gcc -c -g -O2  -DOPTIMISE_SLANG_PALETTE=1  conftest.c >&5
conftest.c:90:19: fatal error: GL/gl.h: No such file or directory
compilation terminated.
configure:17246: $? = 1
configure: failed program was:
| /* confdefs.h */
| #define PACKAGE_NAME "libcaca"
| #define PACKAGE_TARNAME "libcaca"
| #define PACKAGE_VERSION "0.99.beta18"
| #define PACKAGE_STRING "libcaca 0.99.beta18"
| #define PACKAGE_BUGREPORT ""
| #define PACKAGE_URL ""
| #define STDC_HEADERS 1
| #define HAVE_SYS_TYPES_H 1
| #define HAVE_SYS_STAT_H 1
| #define HAVE_STDLIB_H 1
| #define HAVE_STRING_H 1
| #define HAVE_MEMORY_H 1
| #define HAVE_STRINGS_H 1
| #define HAVE_INTTYPES_H 1
| #define HAVE_STDINT_H 1
| #define HAVE_UNISTD_H 1
| #define HAVE_DLFCN_H 1
| #define LT_OBJDIR ".libs/"
| #define RETSIGTYPE void
| #define HAVE_STDIO_H 1
| #define HAVE_STDARG_H 1
| #define HAVE_SIGNAL_H 1
| #define HAVE_SYS_IOCTL_H 1
| #define HAVE_SYS_TIME_H 1
| #define HAVE_ENDIAN_H 1
| #define HAVE_UNISTD_H 1
| #define HAVE_ARPA_INET_H 1
| #define HAVE_NETINET_IN_H 1
| #define HAVE_ERRNO_H 1
| #define HAVE_LOCALE_H 1
| #define HAVE_GETOPT_H 1
| #define HAVE_DLFCN_H 1
| #define HAVE_TERMIOS_H 1
| #define HAVE_SIGNAL 1
| #define HAVE_IOCTL 1
| #define HAVE_SNPRINTF 1
| #define HAVE_VSNPRINTF 1
| #define HAVE_GETENV 1
| #define HAVE_PUTENV 1
| #define HAVE_STRCASECMP 1
| #define HAVE_HTONS 1
| #define HAVE_USLEEP 1
| #define HAVE_GETTIMEOFDAY 1
| #define HAVE_ATEXIT 1
| #define HAVE_GETOPT_LONG 1
| #define HAVE_GETOPT_LONG 1
| #define HAVE_FSIN_FCOS 1
| #define HAVE_FLDLN2 1
| #define HAVE_ZLIB_H 1
| #define HAVE_SLANG_H 1
| #define USE_SLANG 1
| #define HAVE_SLSMG_UTF8_ENABLE 1
| #define USE_X11 1
| #define HAVE_X11_XKBLIB_H 1
| /* end confdefs.h.  */
| #include <stdio.h>
| #ifdef HAVE_SYS_TYPES_H
| # include <sys/types.h>
| #endif
| #ifdef HAVE_SYS_STAT_H
| # include <sys/stat.h>
| #endif
| #ifdef STDC_HEADERS
| # include <stdlib.h>
| # include <stddef.h>
| #else
| # ifdef HAVE_STDLIB_H
| #  include <stdlib.h>
| # endif
| #endif
| #ifdef HAVE_STRING_H
| # if !defined STDC_HEADERS && defined HAVE_MEMORY_H
| #  include <memory.h>
| # endif
| # include <string.h>
| #endif
| #ifdef HAVE_STRINGS_H
| # include <strings.h>
| #endif
| #ifdef HAVE_INTTYPES_H
| # include <inttypes.h>
| #endif
| #ifdef HAVE_STDINT_H
| # include <stdint.h>
| #endif
| #ifdef HAVE_UNISTD_H
| # include <unistd.h>
| #endif
| #include <GL/gl.h>
configure:17246: result: no
configure:17246: checking GL/gl.h presence
configure:17246: gcc -E  -DOPTIMISE_SLANG_PALETTE=1  conftest.c
conftest.c:57:19: fatal error: GL/gl.h: No such file or directory
compilation terminated.
configure:17246: $? = 1
configure: failed program was:
| /* confdefs.h */
| #define PACKAGE_NAME "libcaca"
| #define PACKAGE_TARNAME "libcaca"
| #define PACKAGE_VERSION "0.99.beta18"
| #define PACKAGE_STRING "libcaca 0.99.beta18"
| #define PACKAGE_BUGREPORT ""
| #define PACKAGE_URL ""
| #define STDC_HEADERS 1
| #define HAVE_SYS_TYPES_H 1
| #define HAVE_SYS_STAT_H 1
| #define HAVE_STDLIB_H 1
| #define HAVE_STRING_H 1
| #define HAVE_MEMORY_H 1
| #define HAVE_STRINGS_H 1
| #define HAVE_INTTYPES_H 1
| #define HAVE_STDINT_H 1
| #define HAVE_UNISTD_H 1
| #define HAVE_DLFCN_H 1
| #define LT_OBJDIR ".libs/"
| #define RETSIGTYPE void
| #define HAVE_STDIO_H 1
| #define HAVE_STDARG_H 1
| #define HAVE_SIGNAL_H 1
| #define HAVE_SYS_IOCTL_H 1
| #define HAVE_SYS_TIME_H 1
| #define HAVE_ENDIAN_H 1
| #define HAVE_UNISTD_H 1
| #define HAVE_ARPA_INET_H 1
| #define HAVE_NETINET_IN_H 1
| #define HAVE_ERRNO_H 1
| #define HAVE_LOCALE_H 1
| #define HAVE_GETOPT_H 1
| #define HAVE_DLFCN_H 1
| #define HAVE_TERMIOS_H 1
| #define HAVE_SIGNAL 1
| #define HAVE_IOCTL 1
| #define HAVE_SNPRINTF 1
| #define HAVE_VSNPRINTF 1
| #define HAVE_GETENV 1
| #define HAVE_PUTENV 1
| #define HAVE_STRCASECMP 1
| #define HAVE_HTONS 1
| #define HAVE_USLEEP 1
| #define HAVE_GETTIMEOFDAY 1
| #define HAVE_ATEXIT 1
| #define HAVE_GETOPT_LONG 1
| #define HAVE_GETOPT_LONG 1
| #define HAVE_FSIN_FCOS 1
| #define HAVE_FLDLN2 1
| #define HAVE_ZLIB_H 1
| #define HAVE_SLANG_H 1
| #define USE_SLANG 1
| #define HAVE_SLSMG_UTF8_ENABLE 1
| #define USE_X11 1
| #define HAVE_X11_XKBLIB_H 1
| /* end confdefs.h.  */
| #include <GL/gl.h>
configure:17246: result: no
configure:17246: checking for GL/gl.h
configure:17246: result: no
configure:17246: checking OpenGL/gl.h usability
configure:17246: gcc -c -g -O2  -DOPTIMISE_SLANG_PALETTE=1  conftest.c >&5
conftest.c:90:23: fatal error: OpenGL/gl.h: No such file or directory
compilation terminated.
configure:17246: $? = 1
configure: failed program was:
| /* confdefs.h */
| #define PACKAGE_NAME "libcaca"
| #define PACKAGE_TARNAME "libcaca"
| #define PACKAGE_VERSION "0.99.beta18"
| #define PACKAGE_STRING "libcaca 0.99.beta18"
| #define PACKAGE_BUGREPORT ""
| #define PACKAGE_URL ""
| #define STDC_HEADERS 1
| #define HAVE_SYS_TYPES_H 1
| #define HAVE_SYS_STAT_H 1
| #define HAVE_STDLIB_H 1
| #define HAVE_STRING_H 1
| #define HAVE_MEMORY_H 1
| #define HAVE_STRINGS_H 1
| #define HAVE_INTTYPES_H 1
| #define HAVE_STDINT_H 1
| #define HAVE_UNISTD_H 1
| #define HAVE_DLFCN_H 1
| #define LT_OBJDIR ".libs/"
| #define RETSIGTYPE void
| #define HAVE_STDIO_H 1
| #define HAVE_STDARG_H 1
| #define HAVE_SIGNAL_H 1
| #define HAVE_SYS_IOCTL_H 1
| #define HAVE_SYS_TIME_H 1
| #define HAVE_ENDIAN_H 1
| #define HAVE_UNISTD_H 1
| #define HAVE_ARPA_INET_H 1
| #define HAVE_NETINET_IN_H 1
| #define HAVE_ERRNO_H 1
| #define HAVE_LOCALE_H 1
| #define HAVE_GETOPT_H 1
| #define HAVE_DLFCN_H 1
| #define HAVE_TERMIOS_H 1
| #define HAVE_SIGNAL 1
| #define HAVE_IOCTL 1
| #define HAVE_SNPRINTF 1
| #define HAVE_VSNPRINTF 1
| #define HAVE_GETENV 1
| #define HAVE_PUTENV 1
| #define HAVE_STRCASECMP 1
| #define HAVE_HTONS 1
| #define HAVE_USLEEP 1
| #define HAVE_GETTIMEOFDAY 1
| #define HAVE_ATEXIT 1
| #define HAVE_GETOPT_LONG 1
| #define HAVE_GETOPT_LONG 1
| #define HAVE_FSIN_FCOS 1
| #define HAVE_FLDLN2 1
| #define HAVE_ZLIB_H 1
| #define HAVE_SLANG_H 1
| #define USE_SLANG 1
| #define HAVE_SLSMG_UTF8_ENABLE 1
| #define USE_X11 1
| #define HAVE_X11_XKBLIB_H 1
| /* end confdefs.h.  */
| #include <stdio.h>
| #ifdef HAVE_SYS_TYPES_H
| # include <sys/types.h>
| #endif
| #ifdef HAVE_SYS_STAT_H
| # include <sys/stat.h>
| #endif
| #ifdef STDC_HEADERS
| # include <stdlib.h>
| # include <stddef.h>
| #else
| # ifdef HAVE_STDLIB_H
| #  include <stdlib.h>
| # endif
| #endif
| #ifdef HAVE_STRING_H
| # if !defined STDC_HEADERS && defined HAVE_MEMORY_H
| #  include <memory.h>
| # endif
| # include <string.h>
| #endif
| #ifdef HAVE_STRINGS_H
| # include <strings.h>
| #endif
| #ifdef HAVE_INTTYPES_H
| # include <inttypes.h>
| #endif
| #ifdef HAVE_STDINT_H
| # include <stdint.h>
| #endif
| #ifdef HAVE_UNISTD_H
| # include <unistd.h>
| #endif
| #include <OpenGL/gl.h>
configure:17246: result: no
configure:17246: checking OpenGL/gl.h presence
configure:17246: gcc -E  -DOPTIMISE_SLANG_PALETTE=1  conftest.c
conftest.c:57:23: fatal error: OpenGL/gl.h: No such file or directory
compilation terminated.
configure:17246: $? = 1
configure: failed program was:
| /* confdefs.h */
| #define PACKAGE_NAME "libcaca"
| #define PACKAGE_TARNAME "libcaca"
| #define PACKAGE_VERSION "0.99.beta18"
| #define PACKAGE_STRING "libcaca 0.99.beta18"
| #define PACKAGE_BUGREPORT ""
| #define PACKAGE_URL ""
| #define STDC_HEADERS 1
| #define HAVE_SYS_TYPES_H 1
| #define HAVE_SYS_STAT_H 1
| #define HAVE_STDLIB_H 1
| #define HAVE_STRING_H 1
| #define HAVE_MEMORY_H 1
| #define HAVE_STRINGS_H 1
| #define HAVE_INTTYPES_H 1
| #define HAVE_STDINT_H 1
| #define HAVE_UNISTD_H 1
| #define HAVE_DLFCN_H 1
| #define LT_OBJDIR ".libs/"
| #define RETSIGTYPE void
| #define HAVE_STDIO_H 1
| #define HAVE_STDARG_H 1
| #define HAVE_SIGNAL_H 1
| #define HAVE_SYS_IOCTL_H 1
| #define HAVE_SYS_TIME_H 1
| #define HAVE_ENDIAN_H 1
| #define HAVE_UNISTD_H 1
| #define HAVE_ARPA_INET_H 1
| #define HAVE_NETINET_IN_H 1
| #define HAVE_ERRNO_H 1
| #define HAVE_LOCALE_H 1
| #define HAVE_GETOPT_H 1
| #define HAVE_DLFCN_H 1
| #define HAVE_TERMIOS_H 1
| #define HAVE_SIGNAL 1
| #define HAVE_IOCTL 1
| #define HAVE_SNPRINTF 1
| #define HAVE_VSNPRINTF 1
| #define HAVE_GETENV 1
| #define HAVE_PUTENV 1
| #define HAVE_STRCASECMP 1
| #define HAVE_HTONS 1
| #define HAVE_USLEEP 1
| #define HAVE_GETTIMEOFDAY 1
| #define HAVE_ATEXIT 1
| #define HAVE_GETOPT_LONG 1
| #define HAVE_GETOPT_LONG 1
| #define HAVE_FSIN_FCOS 1
| #define HAVE_FLDLN2 1
| #define HAVE_ZLIB_H 1
| #define HAVE_SLANG_H 1
| #define USE_SLANG 1
| #define HAVE_SLSMG_UTF8_ENABLE 1
| #define USE_X11 1
| #define HAVE_X11_XKBLIB_H 1
| /* end confdefs.h.  */
| #include <OpenGL/gl.h>
configure:17246: result: no
configure:17246: checking for OpenGL/gl.h
configure:17246: result: no
configure:17403: checking for FTGL
configure:17410: $PKG_CONFIG --exists --print-errors "ftgl >= 2.1.3"
Package ftgl was not found in the pkg-config search path.
Perhaps you should add the directory containing `ftgl.pc'
to the PKG_CONFIG_PATH environment variable
No package 'ftgl' found
configure:17413: $? = 1
configure:17427: $PKG_CONFIG --exists --print-errors "ftgl >= 2.1.3"
Package ftgl was not found in the pkg-config search path.
Perhaps you should add the directory containing `ftgl.pc'
to the PKG_CONFIG_PATH environment variable
No package 'ftgl' found
configure:17430: $? = 1
configure:17444: result: no
No package 'ftgl' found
configure:17486: checking Cocoa/Cocoa.h usability
configure:17486: gcc -c -g -O2  -DOPTIMISE_SLANG_PALETTE=1  conftest.c >&5
conftest.c:90:25: fatal error: Cocoa/Cocoa.h: No such file or directory
compilation terminated.
configure:17486: $? = 1
configure: failed program was:
| /* confdefs.h */
| #define PACKAGE_NAME "libcaca"
| #define PACKAGE_TARNAME "libcaca"
| #define PACKAGE_VERSION "0.99.beta18"
| #define PACKAGE_STRING "libcaca 0.99.beta18"
| #define PACKAGE_BUGREPORT ""
| #define PACKAGE_URL ""
| #define STDC_HEADERS 1
| #define HAVE_SYS_TYPES_H 1
| #define HAVE_SYS_STAT_H 1
| #define HAVE_STDLIB_H 1
| #define HAVE_STRING_H 1
| #define HAVE_MEMORY_H 1
| #define HAVE_STRINGS_H 1
| #define HAVE_INTTYPES_H 1
| #define HAVE_STDINT_H 1
| #define HAVE_UNISTD_H 1
| #define HAVE_DLFCN_H 1
| #define LT_OBJDIR ".libs/"
| #define RETSIGTYPE void
| #define HAVE_STDIO_H 1
| #define HAVE_STDARG_H 1
| #define HAVE_SIGNAL_H 1
| #define HAVE_SYS_IOCTL_H 1
| #define HAVE_SYS_TIME_H 1
| #define HAVE_ENDIAN_H 1
| #define HAVE_UNISTD_H 1
| #define HAVE_ARPA_INET_H 1
| #define HAVE_NETINET_IN_H 1
| #define HAVE_ERRNO_H 1
| #define HAVE_LOCALE_H 1
| #define HAVE_GETOPT_H 1
| #define HAVE_DLFCN_H 1
| #define HAVE_TERMIOS_H 1
| #define HAVE_SIGNAL 1
| #define HAVE_IOCTL 1
| #define HAVE_SNPRINTF 1
| #define HAVE_VSNPRINTF 1
| #define HAVE_GETENV 1
| #define HAVE_PUTENV 1
| #define HAVE_STRCASECMP 1
| #define HAVE_HTONS 1
| #define HAVE_USLEEP 1
| #define HAVE_GETTIMEOFDAY 1
| #define HAVE_ATEXIT 1
| #define HAVE_GETOPT_LONG 1
| #define HAVE_GETOPT_LONG 1
| #define HAVE_FSIN_FCOS 1
| #define HAVE_FLDLN2 1
| #define HAVE_ZLIB_H 1
| #define HAVE_SLANG_H 1
| #define USE_SLANG 1
| #define HAVE_SLSMG_UTF8_ENABLE 1
| #define USE_X11 1
| #define HAVE_X11_XKBLIB_H 1
| /* end confdefs.h.  */
| #include <stdio.h>
| #ifdef HAVE_SYS_TYPES_H
| # include <sys/types.h>
| #endif
| #ifdef HAVE_SYS_STAT_H
| # include <sys/stat.h>
| #endif
| #ifdef STDC_HEADERS
| # include <stdlib.h>
| # include <stddef.h>
| #else
| # ifdef HAVE_STDLIB_H
| #  include <stdlib.h>
| # endif
| #endif
| #ifdef HAVE_STRING_H
| # if !defined STDC_HEADERS && defined HAVE_MEMORY_H
| #  include <memory.h>
| # endif
| # include <string.h>
| #endif
| #ifdef HAVE_STRINGS_H
| # include <strings.h>
| #endif
| #ifdef HAVE_INTTYPES_H
| # include <inttypes.h>
| #endif
| #ifdef HAVE_STDINT_H
| # include <stdint.h>
| #endif
| #ifdef HAVE_UNISTD_H
| # include <unistd.h>
| #endif
| #include <Cocoa/Cocoa.h>
configure:17486: result: no
configure:17486: checking Cocoa/Cocoa.h presence
configure:17486: gcc -E  -DOPTIMISE_SLANG_PALETTE=1  conftest.c
conftest.c:57:25: fatal error: Cocoa/Cocoa.h: No such file or directory
compilation terminated.
configure:17486: $? = 1
configure: failed program was:
| /* confdefs.h */
| #define PACKAGE_NAME "libcaca"
| #define PACKAGE_TARNAME "libcaca"
| #define PACKAGE_VERSION "0.99.beta18"
| #define PACKAGE_STRING "libcaca 0.99.beta18"
| #define PACKAGE_BUGREPORT ""
| #define PACKAGE_URL ""
| #define STDC_HEADERS 1
| #define HAVE_SYS_TYPES_H 1
| #define HAVE_SYS_STAT_H 1
| #define HAVE_STDLIB_H 1
| #define HAVE_STRING_H 1
| #define HAVE_MEMORY_H 1
| #define HAVE_STRINGS_H 1
| #define HAVE_INTTYPES_H 1
| #define HAVE_STDINT_H 1
| #define HAVE_UNISTD_H 1
| #define HAVE_DLFCN_H 1
| #define LT_OBJDIR ".libs/"
| #define RETSIGTYPE void
| #define HAVE_STDIO_H 1
| #define HAVE_STDARG_H 1
| #define HAVE_SIGNAL_H 1
| #define HAVE_SYS_IOCTL_H 1
| #define HAVE_SYS_TIME_H 1
| #define HAVE_ENDIAN_H 1
| #define HAVE_UNISTD_H 1
| #define HAVE_ARPA_INET_H 1
| #define HAVE_NETINET_IN_H 1
| #define HAVE_ERRNO_H 1
| #define HAVE_LOCALE_H 1
| #define HAVE_GETOPT_H 1
| #define HAVE_DLFCN_H 1
| #define HAVE_TERMIOS_H 1
| #define HAVE_SIGNAL 1
| #define HAVE_IOCTL 1
| #define HAVE_SNPRINTF 1
| #define HAVE_VSNPRINTF 1
| #define HAVE_GETENV 1
| #define HAVE_PUTENV 1
| #define HAVE_STRCASECMP 1
| #define HAVE_HTONS 1
| #define HAVE_USLEEP 1
| #define HAVE_GETTIMEOFDAY 1
| #define HAVE_ATEXIT 1
| #define HAVE_GETOPT_LONG 1
| #define HAVE_GETOPT_LONG 1
| #define HAVE_FSIN_FCOS 1
| #define HAVE_FLDLN2 1
| #define HAVE_ZLIB_H 1
| #define HAVE_SLANG_H 1
| #define USE_SLANG 1
| #define HAVE_SLSMG_UTF8_ENABLE 1
| #define USE_X11 1
| #define HAVE_X11_XKBLIB_H 1
| /* end confdefs.h.  */
| #include <Cocoa/Cocoa.h>
configure:17486: result: no
configure:17486: checking for Cocoa/Cocoa.h
configure:17486: result: no
configure:17553: checking ncursesw/ncurses.h usability
configure:17553: gcc -c -g -O2  -DOPTIMISE_SLANG_PALETTE=1  conftest.c >&5
configure:17553: $? = 0
configure:17553: result: yes
configure:17553: checking ncursesw/ncurses.h presence
configure:17553: gcc -E  -DOPTIMISE_SLANG_PALETTE=1  conftest.c
configure:17553: $? = 0
configure:17553: result: yes
configure:17553: checking for ncursesw/ncurses.h
configure:17553: result: yes
configure:17559: checking for initscr in -lncursesw
configure:17584: gcc -o conftest -g -O2  -DOPTIMISE_SLANG_PALETTE=1   conftest.c -lncursesw   >&5
configure:17584: $? = 0
configure:17593: result: yes
configure:17654: checking for resizeterm
configure:17654: gcc -o conftest -g -O2  -DOPTIMISE_SLANG_PALETTE=1   conftest.c  -lncursesw >&5
configure:17654: $? = 0
configure:17654: result: yes
configure:17654: checking for resize_term
configure:17654: gcc -o conftest -g -O2  -DOPTIMISE_SLANG_PALETTE=1   conftest.c  -lncursesw >&5
configure:17654: $? = 0
configure:17654: result: yes
configure:17716: checking valid output drivers
configure:17724: result: slang x11 ncurses
configure:17749: checking working <iostream>
configure:17768: g++ -c -g -O2 -Wall -Wpointer-arith -Wcast-align -Wcast-qual -Wshadow -Wsign-compare  -DOPTIMISE_SLANG_PALETTE=1  conftest.cpp >&5
configure:17768: $? = 0
configure:17779: result: yes
configure:17796: checking for csc
configure:17827: result: no
configure:17838: checking for gmcs
configure:17869: result: no
configure:17881: checking for gacutil
configure:17912: result: no
configure:17939: checking for javac
configure:17957: found /usr/bin/javac
configure:17970: result: /usr/bin/javac
configure:17980: checking for javah
configure:17998: found /usr/bin/javah
configure:18011: result: /usr/bin/javah
configure:18021: checking for jar
configure:18039: found /usr/bin/jar
configure:18052: result: /usr/bin/jar
configure:18095: checking jni.h usability
configure:18095: gcc -c -g -O2 -g -O2 -fno-strength-reduce -fomit-frame-pointer -Wall -Wpointer-arith -Wcast-align -Wcast-qual -Wstrict-prototypes -Wshadow -Waggregate-return -Wmissing-prototypes -Wnested-externs -Wsign-compare  -DOPTIMISE_SLANG_PALETTE=1   -I/usr/lib/jvm/java-9-openjdk-amd64/bin/../include -I/usr/lib/jvm/java-9-openjdk-amd64/bin/../include/linux conftest.c >&5
configure:18095: $? = 0
configure:18095: result: yes
configure:18095: checking jni.h presence
configure:18095: gcc -E  -DOPTIMISE_SLANG_PALETTE=1   -I/usr/lib/jvm/java-9-openjdk-amd64/bin/../include -I/usr/lib/jvm/java-9-openjdk-amd64/bin/../include/linux conftest.c
configure:18095: $? = 0
configure:18095: result: yes
configure:18095: checking for jni.h
configure:18095: result: yes
configure:18159: checking for a Python interpreter with version >= 2.2
configure:18176: python -c import sys # split strings by '.' and convert to numeric. Append some zeros # because we need at least 4 digits for the hex conversion. # map returns an iterator in Python 3.0 and a list in 2.x minver = list(map(int, '2.2'.split('.'))) + [0, 0, 0] minverhex = 0 # xrange is not present in Python 3.0 and range returns an iterator for i in list(range(0, 4)): minverhex = (minverhex << 8) + minver[i] sys.exit(sys.hexversion < minverhex)
configure:18179: $? = 0
configure:18185: result: python
configure:18193: checking for python
configure:18211: found /usr/bin/python
configure:18223: result: /usr/bin/python
configure:18241: checking for python version
configure:18248: result: 2.7
configure:18260: checking for python platform
configure:18267: result: linux2
configure:18274: checking for python script directory
configure:18302: result: ${prefix}/lib/python2.7/dist-packages
configure:18311: checking for python extension module directory
configure:18339: result: ${exec_prefix}/lib/python2.7/dist-packages
configure:18367: checking for ruby
configure:18398: result: no
configure:18440: checking available language bindings
configure:18447: result: C++ Java
configure:18455: checking sys/socket.h usability
configure:18455: gcc -c -g -O2 -g -O2 -fno-strength-reduce -fomit-frame-pointer -Wall -Wpointer-arith -Wcast-align -Wcast-qual -Wstrict-prototypes -Wshadow -Waggregate-return -Wmissing-prototypes -Wnested-externs -Wsign-compare  -DOPTIMISE_SLANG_PALETTE=1   -I/usr/lib/jvm/java-9-openjdk-amd64/bin/../include -I/usr/lib/jvm/java-9-openjdk-amd64/bin/../include/linux conftest.c >&5
configure:18455: $? = 0
configure:18455: result: yes
configure:18455: checking sys/socket.h presence
configure:18455: gcc -E  -DOPTIMISE_SLANG_PALETTE=1   -I/usr/lib/jvm/java-9-openjdk-amd64/bin/../include -I/usr/lib/jvm/java-9-openjdk-amd64/bin/../include/linux conftest.c
configure:18455: $? = 0
configure:18455: result: yes
configure:18455: checking for sys/socket.h
configure:18455: result: yes
configure:18478: checking for IMLIB2
configure:18485: $PKG_CONFIG --exists --print-errors "imlib2"
Package imlib2 was not found in the pkg-config search path.
Perhaps you should add the directory containing `imlib2.pc'
to the PKG_CONFIG_PATH environment variable
No package 'imlib2' found
configure:18488: $? = 1
configure:18502: $PKG_CONFIG --exists --print-errors "imlib2"
Package imlib2 was not found in the pkg-config search path.
Perhaps you should add the directory containing `imlib2.pc'
to the PKG_CONFIG_PATH environment variable
No package 'imlib2' found
configure:18505: $? = 1
configure:18519: result: no
No package 'imlib2' found
configure:18557: checking for PANGOFT2
configure:18564: $PKG_CONFIG --exists --print-errors "pangoft2"
Package pangoft2 was not found in the pkg-config search path.
Perhaps you should add the directory containing `pangoft2.pc'
to the PKG_CONFIG_PATH environment variable
No package 'pangoft2' found
configure:18567: $? = 1
configure:18581: $PKG_CONFIG --exists --print-errors "pangoft2"
Package pangoft2 was not found in the pkg-config search path.
Perhaps you should add the directory containing `pangoft2.pc'
to the PKG_CONFIG_PATH environment variable
No package 'pangoft2' found
configure:18584: $? = 1
configure:18598: result: no
No package 'pangoft2' found
configure:18641: checking for doxygen
configure:18672: result: no
configure:18848: checking for CPPUNIT
configure:18855: $PKG_CONFIG --exists --print-errors "cppunit"
Package cppunit was not found in the pkg-config search path.
Perhaps you should add the directory containing `cppunit.pc'
to the PKG_CONFIG_PATH environment variable
No package 'cppunit' found
configure:18858: $? = 1
configure:18872: $PKG_CONFIG --exists --print-errors "cppunit"
Package cppunit was not found in the pkg-config search path.
Perhaps you should add the directory containing `cppunit.pc'
to the PKG_CONFIG_PATH environment variable
No package 'cppunit' found
configure:18875: $? = 1
configure:18889: result: no
No package 'cppunit' found
configure:18931: checking for zzuf
configure:18962: result: no
configure:19188: creating ./config.status

## ---------------------- ##
## Running config.status. ##
## ---------------------- ##

This file was extended by libcaca config.status 0.99.beta18, which was
generated by GNU Autoconf 2.68.  Invocation command line was

  CONFIG_FILES    = 
  CONFIG_HEADERS  = 
  CONFIG_LINKS    = 
  CONFIG_COMMANDS = 
  $ ./config.status 

on DESKTOP-72F8SL2

config.status:1309: creating Makefile
config.status:1309: creating kernel/Makefile
config.status:1309: creating caca/Makefile
config.status:1309: creating src/Makefile
config.status:1309: creating examples/Makefile
config.status:1309: creating test/Makefile
config.status:1309: creating tools/Makefile
config.status:1309: creating java/Makefile
config.status:1309: creating caca-sharp/Makefile
config.status:1309: creating cxx/Makefile
config.status:1309: creating python/Makefile
config.status:1309: creating ruby/Makefile
config.status:1309: creating doc/Makefile
config.status:1309: creating win32/Makefile
config.status:1309: creating caca/caca.pc
config.status:1309: creating caca-sharp/caca-sharp.dll.config
config.status:1309: creating cxx/caca++.pc
config.status:1309: creating doc/doxygen.cfg
config.status:1309: creating caca-config
config.status:1309: creating config.h
config.status:1538: executing depfiles commands
config.status:1538: executing libtool commands

## ---------------- ##
## Cache variables. ##
## ---------------- ##

ac_cv_build=x86_64-unknown-linux-gnu
ac_cv_c_compiler_gnu=yes
ac_cv_c_const=yes
ac_cv_c_inline=inline
ac_cv_cxx_compiler_gnu=yes
ac_cv_env_CCASFLAGS_set=
ac_cv_env_CCASFLAGS_value=
ac_cv_env_CCAS_set=
ac_cv_env_CCAS_value=
ac_cv_env_CCC_set=
ac_cv_env_CCC_value=
ac_cv_env_CC_set=
ac_cv_env_CC_value=
ac_cv_env_CFLAGS_set=
ac_cv_env_CFLAGS_value=
ac_cv_env_CPPFLAGS_set=
ac_cv_env_CPPFLAGS_value=
ac_cv_env_CPPUNIT_CFLAGS_set=
ac_cv_env_CPPUNIT_CFLAGS_value=
ac_cv_env_CPPUNIT_LIBS_set=
ac_cv_env_CPPUNIT_LIBS_value=
ac_cv_env_CPP_set=
ac_cv_env_CPP_value=
ac_cv_env_CXXCPP_set=
ac_cv_env_CXXCPP_value=
ac_cv_env_CXXFLAGS_set=
ac_cv_env_CXXFLAGS_value=
ac_cv_env_CXX_set=
ac_cv_env_CXX_value=
ac_cv_env_FTGL_CFLAGS_set=
ac_cv_env_FTGL_CFLAGS_value=
ac_cv_env_FTGL_LIBS_set=
ac_cv_env_FTGL_LIBS_value=
ac_cv_env_IMLIB2_CFLAGS_set=
ac_cv_env_IMLIB2_CFLAGS_value=
ac_cv_env_IMLIB2_LIBS_set=
ac_cv_env_IMLIB2_LIBS_value=
ac_cv_env_LDFLAGS_set=
ac_cv_env_LDFLAGS_value=
ac_cv_env_LIBS_set=
ac_cv_env_LIBS_value=
ac_cv_env_PANGOFT2_CFLAGS_set=
ac_cv_env_PANGOFT2_CFLAGS_value=
ac_cv_env_PANGOFT2_LIBS_set=
ac_cv_env_PANGOFT2_LIBS_value=
ac_cv_env_PKG_CONFIG_LIBDIR_set=
ac_cv_env_PKG_CONFIG_LIBDIR_value=
ac_cv_env_PKG_CONFIG_PATH_set=
ac_cv_env_PKG_CONFIG_PATH_value=
ac_cv_env_PKG_CONFIG_set=
ac_cv_env_PKG_CONFIG_value=
ac_cv_env_PYTHON_set=
ac_cv_env_PYTHON_value=
ac_cv_env_XMKMF_set=
ac_cv_env_XMKMF_value=
ac_cv_env_build_alias_set=
ac_cv_env_build_alias_value=
ac_cv_env_host_alias_set=
ac_cv_env_host_alias_value=
ac_cv_env_target_alias_set=
ac_cv_env_target_alias_value=
ac_cv_func_atexit=yes
ac_cv_func_getenv=yes
ac_cv_func_getopt_long=yes
ac_cv_func_gettimeofday=yes
ac_cv_func_htons=yes
ac_cv_func_ioctl=yes
ac_cv_func_putenv=yes
ac_cv_func_resize_term=yes
ac_cv_func_resizeterm=yes
ac_cv_func_signal=yes
ac_cv_func_snprintf=yes
ac_cv_func_strcasecmp=yes
ac_cv_func_usleep=yes
ac_cv_func_vsnprintf=yes
ac_cv_have_getopt_long=yes
ac_cv_have_x='have_x=yes	ac_x_includes='\'''\''	ac_x_libraries='\'''\'''
ac_cv_header_Cocoa_Cocoa_h=no
ac_cv_header_GL_gl_h=no
ac_cv_header_OpenGL_gl_h=no
ac_cv_header_X11_XKBlib_h=yes
ac_cv_header_arpa_inet_h=yes
ac_cv_header_conio_h=no
ac_cv_header_dlfcn_h=yes
ac_cv_header_endian_h=yes
ac_cv_header_errno_h=yes
ac_cv_header_getopt_h=yes
ac_cv_header_inttypes_h=yes
ac_cv_header_jni_h=yes
ac_cv_header_locale_h=yes
ac_cv_header_memory_h=yes
ac_cv_header_ncursesw_ncurses_h=yes
ac_cv_header_netinet_in_h=yes
ac_cv_header_signal_h=yes
ac_cv_header_slang_h=yes
ac_cv_header_stdarg_h=yes
ac_cv_header_stdc=yes
ac_cv_header_stdint_h=yes
ac_cv_header_stdio_h=yes
ac_cv_header_stdlib_h=yes
ac_cv_header_string_h=yes
ac_cv_header_strings_h=yes
ac_cv_header_sys_ioctl_h=yes
ac_cv_header_sys_socket_h=yes
ac_cv_header_sys_stat_h=yes
ac_cv_header_sys_time_h=yes
ac_cv_header_sys_types_h=yes
ac_cv_header_termios_h=yes
ac_cv_header_unistd_h=yes
ac_cv_header_windows_h=no
ac_cv_header_winsock2_h=no
ac_cv_header_zlib_h=yes
ac_cv_host=x86_64-unknown-linux-gnu
ac_cv_lib_X11_XOpenDisplay=yes
ac_cv_lib_m_sin=yes
ac_cv_lib_ncursesw_initscr=yes
ac_cv_lib_slang_SLsmg_utf8_enable=yes
ac_cv_lib_z_gzopen=yes
ac_cv_my_have_cocoa=no
ac_cv_my_have_conio=no
ac_cv_my_have_csharp=no
ac_cv_my_have_cxx=yes
ac_cv_my_have_gl=no
ac_cv_my_have_java=yes
ac_cv_my_have_kernel=no
ac_cv_my_have_ncurses=yes
ac_cv_my_have_network=yes
ac_cv_my_have_python=yes
ac_cv_my_have_ruby=no
ac_cv_my_have_slang=yes
ac_cv_my_have_win32=no
ac_cv_my_have_x11=yes
ac_cv_objext=o
ac_cv_path_CSC=no
ac_cv_path_DOXYGEN=no
ac_cv_path_EGREP='/bin/grep -E'
ac_cv_path_FGREP='/bin/grep -F'
ac_cv_path_GACUTIL=no
ac_cv_path_GMCS=no
ac_cv_path_GREP=/bin/grep
ac_cv_path_JAR=/usr/bin/jar
ac_cv_path_JAVAC=/usr/bin/javac
ac_cv_path_JAVAH=/usr/bin/javah
ac_cv_path_PYTHON=/usr/bin/python
ac_cv_path_RUBY=no
ac_cv_path_SED=/bin/sed
ac_cv_path_ZZUF=no
ac_cv_path_ac_pt_PKG_CONFIG=/usr/bin/pkg-config
ac_cv_path_install='/usr/bin/install -c'
ac_cv_path_mkdir=/bin/mkdir
ac_cv_prog_AWK=gawk
ac_cv_prog_CPP='gcc -E'
ac_cv_prog_CXXCPP='g++ -E'
ac_cv_prog_ac_ct_AR=ar
ac_cv_prog_ac_ct_CC=gcc
ac_cv_prog_ac_ct_CXX=g++
ac_cv_prog_ac_ct_DLLTOOL=dlltool
ac_cv_prog_ac_ct_MANIFEST_TOOL=mt
ac_cv_prog_ac_ct_OBJDUMP=objdump
ac_cv_prog_ac_ct_RANLIB=ranlib
ac_cv_prog_ac_ct_STRIP=strip
ac_cv_prog_cc_c89=
ac_cv_prog_cc_g=yes
ac_cv_prog_cc_gcc_c_o=yes
ac_cv_prog_cxx_g=yes
ac_cv_prog_make_make_set=yes
ac_cv_target=x86_64-unknown-linux-gnu
ac_cv_type_signal=void
am_cv_CCAS_dependencies_compiler_type=gcc3
am_cv_CC_dependencies_compiler_type=gcc3
am_cv_CXX_dependencies_compiler_type=gcc3
am_cv_OBJC_dependencies_compiler_type=none
am_cv_pathless_PYTHON=python
am_cv_prog_tar_ustar=gnutar
am_cv_python_platform=linux2
am_cv_python_pyexecdir='${exec_prefix}/lib/python2.7/dist-packages'
am_cv_python_pythondir='${prefix}/lib/python2.7/dist-packages'
am_cv_python_version=2.7
lt_cv_ar_at_file=@
lt_cv_archive_cmds_need_lc=no
lt_cv_deplibs_check_method=pass_all
lt_cv_file_magic_cmd='$MAGIC_CMD'
lt_cv_file_magic_test_file=
lt_cv_ld_reload_flag=-r
lt_cv_nm_interface='BSD nm'
lt_cv_objdir=.libs
lt_cv_path_LD=/usr/bin/ld
lt_cv_path_LDCXX='/usr/bin/ld -m elf_x86_64'
lt_cv_path_NM='/usr/bin/nm -B'
lt_cv_path_mainfest_tool=no
lt_cv_prog_compiler_c_o=yes
lt_cv_prog_compiler_c_o_CXX=yes
lt_cv_prog_compiler_pic='-fPIC -DPIC'
lt_cv_prog_compiler_pic_CXX='-fPIC -DPIC'
lt_cv_prog_compiler_pic_works=yes
lt_cv_prog_compiler_pic_works_CXX=yes
lt_cv_prog_compiler_rtti_exceptions=no
lt_cv_prog_compiler_static_works=yes
lt_cv_prog_compiler_static_works_CXX=yes
lt_cv_prog_gnu_ld=yes
lt_cv_prog_gnu_ldcxx=yes
lt_cv_sharedlib_from_linklib_cmd='printf %s\n'
lt_cv_shlibpath_overrides_runpath=no
lt_cv_sys_global_symbol_pipe='sed -n -e '\''s/^.*[	 ]\([ABCDGIRSTW][ABCDGIRSTW]*\)[	 ][	 ]*\([_A-Za-z][_A-Za-z0-9]*\)$/\1 \2 \2/p'\'' | sed '\''/ __gnu_lto/d'\'''
lt_cv_sys_global_symbol_to_c_name_address='sed -n -e '\''s/^: \([^ ]*\)[ ]*$/  {\"\1\", (void *) 0},/p'\'' -e '\''s/^[ABCDGIRSTW]* \([^ ]*\) \([^ ]*\)$/  {"\2", (void *) \&\2},/p'\'''
lt_cv_sys_global_symbol_to_c_name_address_lib_prefix='sed -n -e '\''s/^: \([^ ]*\)[ ]*$/  {\"\1\", (void *) 0},/p'\'' -e '\''s/^[ABCDGIRSTW]* \([^ ]*\) \(lib[^ ]*\)$/  {"\2", (void *) \&\2},/p'\'' -e '\''s/^[ABCDGIRSTW]* \([^ ]*\) \([^ ]*\)$/  {"lib\2", (void *) \&\2},/p'\'''
lt_cv_sys_global_symbol_to_cdecl='sed -n -e '\''s/^T .* \(.*\)$/extern int \1();/p'\'' -e '\''s/^[ABCDGIRSTW]* .* \(.*\)$/extern char \1;/p'\'''
lt_cv_sys_max_cmd_len=1572864
lt_cv_to_host_file_cmd=func_convert_file_noop
lt_cv_to_tool_file_cmd=func_convert_file_noop

## ----------------- ##
## Output variables. ##
## ----------------- ##

ACLOCAL='${SHELL} /home/paul/2018Fall/libcaca-0.99.beta18/.auto/missing --run aclocal-1.11'
AMDEPBACKSLASH='\'
AMDEP_FALSE='#'
AMDEP_TRUE=''
AMTAR='$${TAR-tar}'
AR='ar'
AS='as'
AUTOCONF='${SHELL} /home/paul/2018Fall/libcaca-0.99.beta18/.auto/missing --run autoconf'
AUTOHEADER='${SHELL} /home/paul/2018Fall/libcaca-0.99.beta18/.auto/missing --run autoheader'
AUTOMAKE='${SHELL} /home/paul/2018Fall/libcaca-0.99.beta18/.auto/missing --run automake-1.11'
AWK='gawk'
BUILD_DOCUMENTATION_FALSE=''
BUILD_DOCUMENTATION_TRUE='#'
CACA_CFLAGS='   '
CACA_LIBS=' -lslang -lncursesw  -lX11   '
CC='gcc'
CCAS='gcc'
CCASDEPMODE='depmode=gcc3'
CCASFLAGS='-g -O2'
CCDEPMODE='depmode=gcc3'
CFLAGS='-g -O2 -g -O2 -fno-strength-reduce -fomit-frame-pointer -Wall -Wpointer-arith -Wcast-align -Wcast-qual -Wstrict-prototypes -Wshadow -Waggregate-return -Wmissing-prototypes -Wnested-externs -Wsign-compare'
CPP='gcc -E'
CPPFLAGS=' -DOPTIMISE_SLANG_PALETTE=1   -I/usr/lib/jvm/java-9-openjdk-amd64/bin/../include -I/usr/lib/jvm/java-9-openjdk-amd64/bin/../include/linux'
CPPUNIT_CFLAGS=''
CPPUNIT_LIBS=''
CSC='no'
CXX='g++'
CXXCPP='g++ -E'
CXXDEPMODE='depmode=gcc3'
CXXFLAGS='-g -O2 -Wall -Wpointer-arith -Wcast-align -Wcast-qual -Wshadow -Wsign-compare'
CYGPATH_W='echo'
DEFS='-DHAVE_CONFIG_H'
DEPDIR='.deps'
DLLTOOL='dlltool'
DOXYGEN='no'
DSYMUTIL=''
DUMPBIN=''
DVIPS=''
ECHO_C=''
ECHO_N='-n'
ECHO_T=''
EGREP='/bin/grep -E'
EXEEXT=''
FGREP='/bin/grep -F'
FTGL_CFLAGS=''
FTGL_LIBS=''
GACUTIL='no'
GETOPT_LIBS=''
GL_CFLAGS=''
GL_LIBS=''
GMCS='no'
GREP='/bin/grep'
IMLIB2_CFLAGS=''
IMLIB2_LIBS=''
INSTALL_DATA='${INSTALL} -m 644'
INSTALL_PROGRAM='${INSTALL}'
INSTALL_SCRIPT='${INSTALL}'
INSTALL_STRIP_PROGRAM='$(install_sh) -c -s'
JAR='/usr/bin/jar'
JAVAC='/usr/bin/javac'
JAVAH='/usr/bin/javah'
JAVA_CFLAGS=' -I/usr/lib/jvm/java-9-openjdk-amd64/bin/../include -I/usr/lib/jvm/java-9-openjdk-amd64/bin/../include/linux'
JAVA_LIBS=''
KPSEWHICH=''
LATEX='no'
LD='/usr/bin/ld -m elf_x86_64'
LDFLAGS=''
LIBOBJS=''
LIBS=''
LIBTOOL='$(SHELL) $(top_builddir)/libtool'
LIPO=''
LN_S='ln -s'
LTLIBOBJS=''
LT_MAJOR='0'
LT_MICRO='18'
LT_MINOR='99'
LT_SUFFIX='.so.0'
LT_VERSION='0:99:18'
MAKEINFO='${SHELL} /home/paul/2018Fall/libcaca-0.99.beta18/.auto/missing --run makeinfo'
MANIFEST_TOOL=':'
MATH_LIBS=' -lm'
MKDIR_P='/bin/mkdir -p'
NM='/usr/bin/nm -B'
NMEDIT=''
OBJC='gcc'
OBJCDEPMODE='depmode=none'
OBJCFLAGS=''
OBJDUMP='objdump'
OBJEXT='o'
OTOOL64=''
OTOOL=''
PACKAGE='libcaca'
PACKAGE_BUGREPORT=''
PACKAGE_NAME='libcaca'
PACKAGE_STRING='libcaca 0.99.beta18'
PACKAGE_TARNAME='libcaca'
PACKAGE_URL=''
PACKAGE_VERSION='0.99.beta18'
PANGOFT2_CFLAGS=''
PANGOFT2_LIBS=''
PATH_SEPARATOR=':'
PKG_CONFIG='/usr/bin/pkg-config'
PKG_CONFIG_LIBDIR=''
PKG_CONFIG_PATH=''
PYTHON='/usr/bin/python'
PYTHON_EXEC_PREFIX='${exec_prefix}'
PYTHON_PLATFORM='linux2'
PYTHON_PREFIX='${prefix}'
PYTHON_VERSION='2.7'
RANLIB='ranlib'
RUBY='no'
RUBY_CFLAGS=''
RUBY_LIBS=''
RUBY_SITEARCHDIR=''
RUBY_SITELIBDIR=''
SED='/bin/sed'
SET_MAKE=''
SHELL='/bin/bash'
STRIP='strip'
USE_COCOA_FALSE=''
USE_COCOA_TRUE='#'
USE_CPPUNIT_FALSE=''
USE_CPPUNIT_TRUE='#'
USE_CSHARP_FALSE=''
USE_CSHARP_TRUE='#'
USE_CXX_FALSE='#'
USE_CXX_TRUE=''
USE_FTGL_FALSE=''
USE_FTGL_TRUE='#'
USE_JAVA_FALSE='#'
USE_JAVA_TRUE=''
USE_KERNEL_FALSE=''
USE_KERNEL_TRUE='#'
USE_LATEX_FALSE=''
USE_LATEX_TRUE='#'
USE_NETWORK_FALSE='#'
USE_NETWORK_TRUE=''
USE_PANGO_FALSE=''
USE_PANGO_TRUE='#'
USE_PLUGINS_FALSE=''
USE_PLUGINS_TRUE='#'
USE_PYTHON_FALSE='#'
USE_PYTHON_TRUE=''
USE_RUBY_FALSE=''
USE_RUBY_TRUE='#'
USE_ZZUF_FALSE=''
USE_ZZUF_TRUE='#'
VERSION='0.99.beta18'
X11_CFLAGS=''
X11_LIBS=' -lX11 '
XMKMF=''
ZLIB_LIBS=' -lz'
ZZUF='no'
ac_ct_AR='ar'
ac_ct_CC='gcc'
ac_ct_CXX='g++'
ac_ct_DUMPBIN=''
am__EXEEXT_FALSE=''
am__EXEEXT_TRUE='#'
am__fastdepCCAS_FALSE='#'
am__fastdepCCAS_TRUE=''
am__fastdepCC_FALSE='#'
am__fastdepCC_TRUE=''
am__fastdepCXX_FALSE='#'
am__fastdepCXX_TRUE=''
am__fastdepOBJC_FALSE=''
am__fastdepOBJC_TRUE='#'
am__include='include'
am__isrc=''
am__leading_dot='.'
am__nodep='_no'
am__quote=''
am__tar='tar --format=ustar -chf - "$$tardir"'
am__untar='tar -xf -'
bindir='${exec_prefix}/bin'
build='x86_64-unknown-linux-gnu'
build_alias=''
build_cpu='x86_64'
build_os='linux-gnu'
build_vendor='unknown'
datadir='${datarootdir}'
datarootdir='${prefix}/share'
docdir='${datarootdir}/doc/${PACKAGE_TARNAME}'
dvidir='${docdir}'
exec_prefix='${prefix}'
host='x86_64-unknown-linux-gnu'
host_alias=''
host_cpu='x86_64'
host_os='linux-gnu'
host_vendor='unknown'
htmldir='${docdir}'
includedir='${prefix}/include'
infodir='${datarootdir}/info'
install_sh='${SHELL} /home/paul/2018Fall/libcaca-0.99.beta18/.auto/install-sh'
libdir='${exec_prefix}/lib'
libexecdir='${exec_prefix}/libexec'
localedir='${datarootdir}/locale'
localstatedir='${prefix}/var'
mandir='${datarootdir}/man'
mkdir_p='/bin/mkdir -p'
oldincludedir='/usr/include'
pdfdir='${docdir}'
pkgpyexecdir='${pyexecdir}/libcaca'
pkgpythondir='${pythondir}/libcaca'
prefix='/usr/local'
program_transform_name='s,x,x,'
psdir='${docdir}'
pyexecdir='${exec_prefix}/lib/python2.7/dist-packages'
pythondir='${prefix}/lib/python2.7/dist-packages'
sbindir='${exec_prefix}/sbin'
sharedstatedir='${prefix}/com'
sysconfdir='${prefix}/etc'
target='x86_64-unknown-linux-gnu'
target_alias=''
target_cpu='x86_64'
target_os='linux-gnu'
target_vendor='unknown'

## ----------- ##
## confdefs.h. ##
## ----------- ##

/* confdefs.h */
#define PACKAGE_NAME "libcaca"
#define PACKAGE_TARNAME "libcaca"
#define PACKAGE_VERSION "0.99.beta18"
#define PACKAGE_STRING "libcaca 0.99.beta18"
#define PACKAGE_BUGREPORT ""
#define PACKAGE_URL ""
#define STDC_HEADERS 1
#define HAVE_SYS_TYPES_H 1
#define HAVE_SYS_STAT_H 1
#define HAVE_STDLIB_H 1
#define HAVE_STRING_H 1
#define HAVE_MEMORY_H 1
#define HAVE_STRINGS_H 1
#define HAVE_INTTYPES_H 1
#define HAVE_STDINT_H 1
#define HAVE_UNISTD_H 1
#define HAVE_DLFCN_H 1
#define LT_OBJDIR ".libs/"
#define RETSIGTYPE void
#define HAVE_STDIO_H 1
#define HAVE_STDARG_H 1
#define HAVE_SIGNAL_H 1
#define HAVE_SYS_IOCTL_H 1
#define HAVE_SYS_TIME_H 1
#define HAVE_ENDIAN_H 1
#define HAVE_UNISTD_H 1
#define HAVE_ARPA_INET_H 1
#define HAVE_NETINET_IN_H 1
#define HAVE_ERRNO_H 1
#define HAVE_LOCALE_H 1
#define HAVE_GETOPT_H 1
#define HAVE_DLFCN_H 1
#define HAVE_TERMIOS_H 1
#define HAVE_SIGNAL 1
#define HAVE_IOCTL 1
#define HAVE_SNPRINTF 1
#define HAVE_VSNPRINTF 1
#define HAVE_GETENV 1
#define HAVE_PUTENV 1
#define HAVE_STRCASECMP 1
#define HAVE_HTONS 1
#define HAVE_USLEEP 1
#define HAVE_GETTIMEOFDAY 1
#define HAVE_ATEXIT 1
#define HAVE_GETOPT_LONG 1
#define HAVE_GETOPT_LONG 1
#define HAVE_FSIN_FCOS 1
#define HAVE_FLDLN2 1
#define HAVE_ZLIB_H 1
#define HAVE_SLANG_H 1
#define USE_SLANG 1
#define HAVE_SLSMG_UTF8_ENABLE 1
#define USE_X11 1
#define HAVE_X11_XKBLIB_H 1
#define HAVE_NCURSESW_NCURSES_H 1
#define USE_NCURSES 1
#define HAVE_RESIZETERM 1
#define HAVE_RESIZE_TERM 1
#define HAVE_JNI_H 1
#define HAVE_SYS_SOCKET_H 1

configure: exit 0

## ---------------------- ##
## Running config.status. ##
## ---------------------- ##

This file was extended by libcaca config.status 0.99.beta18, which was
generated by GNU Autoconf 2.68.  Invocation command line was

  CONFIG_FILES    = 
  CONFIG_HEADERS  = 
  CONFIG_LINKS    = 
  CONFIG_COMMANDS = 
  $ ./config.status 

on DESKTOP-72F8SL2

config.status:1309: creating Makefile
config.status:1309: creating kernel/Makefile
config.status:1309: creating caca/Makefile
config.status:1309: creating src/Makefile
config.status:1309: creating examples/Makefile
config.status:1309: creating test/Makefile
config.status:1309: creating tools/Makefile
config.status:1309: creating java/Makefile
config.status:1309: creating caca-sharp/Makefile
config.status:1309: creating cxx/Makefile
config.status:1309: creating python/Makefile
config.status:1309: creating ruby/Makefile
config.status:1309: creating doc/Makefile
config.status:1309: creating win32/Makefile
config.status:1309: creating caca/caca.pc
config.status:1309: creating caca-sharp/caca-sharp.dll.config
config.status:1309: creating cxx/caca++.pc
config.status:1309: creating doc/doxygen.cfg
config.status:1309: creating caca-config
config.status:1309: creating config.h
config.status:1490: config.h is unchanged
config.status:1538: executing depfiles commands
config.status:1538: executing libtool commands
